<?xml version="1.0" encoding="UTF-8"?>
<!-- Generated by org.testng.reporters.JUnitReportReporter -->
<testsuite hostname="ZTLW-36" failures="0" tests="2" name="runners.TestRunner" time="30.823" errors="2" timestamp="2026-09-03T17:41:48 IST" skipped="0">
  <testcase classname="runners.TestRunner" name="runScenario" time="11.407">
    <error message="The step &#039;I search for an nothing phone&#039; and 3 other step(s) are undefined.
You can implement these steps using the snippet(s) below:

@When(&quot;I search for an nothing phone&quot;)
public void i_search_for_an_nothing_phone() {
    // Write code here that turns the phrase above into concrete actions
    throw new io.cucumber.java.PendingException();
}
@When(&quot;I should be able to interact with the serach results&quot;)
public void i_should_be_able_to_interact_with_the_serach_results() {
    // Write code here that turns the phrase above into concrete actions
    throw new io.cucumber.java.PendingException();
}
@When(&quot;I click on the first item from search results&quot;)
public void i_click_on_the_first_item_from_search_results() {
    // Write code here that turns the phrase above into concrete actions
    throw new io.cucumber.java.PendingException();
}
@Then(&quot;I should be able to add item to cart&quot;)
public void i_should_be_able_to_add_item_to_cart() {
    // Write code here that turns the phrase above into concrete actions
    throw new io.cucumber.java.PendingException();
}
" type="io.cucumber.testng.UndefinedStepException">
      <![CDATA[io.cucumber.testng.UndefinedStepException: The step 'I search for an nothing phone' and 3 other step(s) are undefined.
You can implement these steps using the snippet(s) below:

@When("I search for an nothing phone")
public void i_search_for_an_nothing_phone() {
    // Write code here that turns the phrase above into concrete actions
    throw new io.cucumber.java.PendingException();
}
@When("I should be able to interact with the serach results")
public void i_should_be_able_to_interact_with_the_serach_results() {
    // Write code here that turns the phrase above into concrete actions
    throw new io.cucumber.java.PendingException();
}
@When("I click on the first item from search results")
public void i_click_on_the_first_item_from_search_results() {
    // Write code here that turns the phrase above into concrete actions
    throw new io.cucumber.java.PendingException();
}
@Then("I should be able to add item to cart")
public void i_should_be_able_to_add_item_to_cart() {
    // Write code here that turns the phrase above into concrete actions
    throw new io.cucumber.java.PendingException();
}

at ✽.I search for an nothing phone(classpath:features/Add_to_Cart.feature:8)
]]>
    </error>
  </testcase> <!-- runScenario -->
  <testcase classname="runners.TestRunner" name="runScenario" time="19.416">
    <error message="The step &#039;I search for an iphone&#039; and 3 other step(s) are undefined.
You can implement these steps using the snippet(s) below:

@When(&quot;I search for an iphone&quot;)
public void i_search_for_an_iphone() {
    // Write code here that turns the phrase above into concrete actions
    throw new io.cucumber.java.PendingException();
}
@When(&quot;I should be able to interact with the serach results&quot;)
public void i_should_be_able_to_interact_with_the_serach_results() {
    // Write code here that turns the phrase above into concrete actions
    throw new io.cucumber.java.PendingException();
}
@When(&quot;I click on the first item from search results&quot;)
public void i_click_on_the_first_item_from_search_results() {
    // Write code here that turns the phrase above into concrete actions
    throw new io.cucumber.java.PendingException();
}
@Then(&quot;I should be able to add item to cart&quot;)
public void i_should_be_able_to_add_item_to_cart() {
    // Write code here that turns the phrase above into concrete actions
    throw new io.cucumber.java.PendingException();
}
" type="io.cucumber.testng.UndefinedStepException">
      <![CDATA[io.cucumber.testng.UndefinedStepException: The step 'I search for an iphone' and 3 other step(s) are undefined.
You can implement these steps using the snippet(s) below:

@When("I search for an iphone")
public void i_search_for_an_iphone() {
    // Write code here that turns the phrase above into concrete actions
    throw new io.cucumber.java.PendingException();
}
@When("I should be able to interact with the serach results")
public void i_should_be_able_to_interact_with_the_serach_results() {
    // Write code here that turns the phrase above into concrete actions
    throw new io.cucumber.java.PendingException();
}
@When("I click on the first item from search results")
public void i_click_on_the_first_item_from_search_results() {
    // Write code here that turns the phrase above into concrete actions
    throw new io.cucumber.java.PendingException();
}
@Then("I should be able to add item to cart")
public void i_should_be_able_to_add_item_to_cart() {
    // Write code here that turns the phrase above into concrete actions
    throw new io.cucumber.java.PendingException();
}

at ✽.I search for an iphone(classpath:features/Add_to_Cart.feature:8)
]]>
    </error>
  </testcase> <!-- runScenario -->
</testsuite> <!-- runners.TestRunner -->
