<?xml version="1.0" encoding="UTF-8"?>
<!-- Generated by org.testng.reporters.JUnitReportReporter -->
<testsuite hostname="ZTLW-36" failures="0" tests="3" name="runners.TestRunner" time="34.952" errors="0" timestamp="2026-03-31T18:08:24 IST" skipped="0">
  <testcase classname="runners.TestRunner" name="runScenario" time="8.344"/>
  <testcase classname="runners.TestRunner" name="runScenario" time="13.274"/>
  <testcase classname="runners.TestRunner" name="runScenario" time="13.334"/>
</testsuite> <!-- runners.TestRunner -->
