<?xml version="1.0" encoding="UTF-8"?>
<!-- Generated by org.testng.reporters.JUnitReportReporter -->
<testsuite hostname="DESKTOP-IT85V5I" failures="0" tests="6" name="runners.TestRunner" time="76.870" errors="0" timestamp="2026-03-29T01:09:43 IST" skipped="0">
  <testcase classname="runners.TestRunner" name="runScenario" time="15.127"/>
  <testcase classname="runners.TestRunner" name="runScenario" time="12.285"/>
  <testcase classname="runners.TestRunner" name="runScenario" time="14.238"/>
  <testcase classname="runners.TestRunner" name="runScenario" time="10.562"/>
  <testcase classname="runners.TestRunner" name="runScenario" time="13.489"/>
  <testcase classname="runners.TestRunner" name="runScenario" time="11.169"/>
</testsuite> <!-- runners.TestRunner -->
