<?xml version="1.0" encoding="UTF-8"?>
<!-- Generated by org.testng.reporters.JUnitReportReporter -->
<testsuite hostname="ZTLW-36" failures="0" tests="6" name="runners.TestRunner" time="286.374" errors="0" timestamp="2026-03-24T18:27:12 IST" skipped="0">
  <testcase classname="runners.TestRunner" name="runScenario" time="46.392"/>
  <testcase classname="runners.TestRunner" name="runScenario" time="49.694"/>
  <testcase classname="runners.TestRunner" name="runScenario" time="48.710"/>
  <testcase classname="runners.TestRunner" name="runScenario" time="46.367"/>
  <testcase classname="runners.TestRunner" name="runScenario" time="48.692"/>
  <testcase classname="runners.TestRunner" name="runScenario" time="46.519"/>
</testsuite> <!-- runners.TestRunner -->
