<?xml version="1.0" encoding="UTF-8"?>
<!-- Generated by org.testng.reporters.JUnitReportReporter -->
<testsuite hostname="codespaces-f60591" failures="0" tests="2" name="runners.TestRunner" time="3.500" errors="1" timestamp="2026-02-11T12:35:44 UTC" skipped="0">
  <testcase classname="runners.TestRunner" name="runScenario" time="3.083"/>
  <testcase classname="runners.TestRunner" name="runScenario" time="0.417">
    <error message="The step &#039;I access the WeDriver University Contact Us Page&#039; is undefined.
You can implement this step using the snippet(s) below:

@Given(&quot;I access the WeDriver University Contact Us Page&quot;)
public void i_access_the_we_driver_university_contact_us_page() {
    // Write code here that turns the phrase above into concrete actions
    throw new io.cucumber.java.PendingException();
}
" type="io.cucumber.testng.UndefinedStepException">
      <![CDATA[io.cucumber.testng.UndefinedStepException: The step 'I access the WeDriver University Contact Us Page' is undefined.
You can implement this step using the snippet(s) below:

@Given("I access the WeDriver University Contact Us Page")
public void i_access_the_we_driver_university_contact_us_page() {
    // Write code here that turns the phrase above into concrete actions
    throw new io.cucumber.java.PendingException();
}

at ✽.I access the WeDriver University Contact Us Page(file:///workspaces/Projects/Project_new/Projects_new/UdemayProject/udemy/src/test/resources/features/Contact_Us_.feature:13)
]]>
    </error>
  </testcase> <!-- runScenario -->
</testsuite> <!-- runners.TestRunner -->
