<?xml version="1.0" encoding="UTF-8"?>
<!-- Generated by org.testng.reporters.JUnitReportReporter -->
<testsuite hostname="ZTLW-36" failures="0" tests="3" name="runners.TestRunner" time="83.797" errors="0" timestamp="2026-03-27T18:39:22 IST" skipped="0">
  <testcase classname="runners.TestRunner" name="runScenario" time="28.020"/>
  <testcase classname="runners.TestRunner" name="runScenario" time="28.069"/>
  <testcase classname="runners.TestRunner" name="runScenario" time="27.708"/>
</testsuite> <!-- runners.TestRunner -->
