<?xml version="1.0" encoding="UTF-8"?>
<!-- Generated by org.testng.reporters.JUnitReportReporter -->
<testsuite hostname="ZTLW-36" failures="0" tests="3" name="runners.TestRunner" time="11.239" errors="3" timestamp="2026-03-23T19:30:39 IST" skipped="0">
  <testcase classname="runners.TestRunner" name="runScenario" time="4.955">
    <error message="Cannot invoke &quot;org.openqa.selenium.WebDriver.get(String)&quot; because &quot;this.driver&quot; is null" type="java.lang.NullPointerException">
      <![CDATA[java.lang.NullPointerException: Cannot invoke "org.openqa.selenium.WebDriver.get(String)" because "this.driver" is null
at stepdefinitions.StepDefinitions.i_access_the_WebDriver_University_Contact_Us_Page(StepDefinitions.java:31)
at ✽.I access the WebDriver University Contact Us Page(file:///C:/Users/tejas/Project/Project_new/Projects_new/UdemayProject/udemy/src/test/resources/features/Contact_Us_.feature:5)
]]>
    </error>
  </testcase> <!-- runScenario -->
  <testcase classname="runners.TestRunner" name="runScenario" time="2.951">
    <error message="Cannot invoke &quot;org.openqa.selenium.WebDriver.get(String)&quot; because &quot;this.driver&quot; is null" type="java.lang.NullPointerException">
      <![CDATA[java.lang.NullPointerException: Cannot invoke "org.openqa.selenium.WebDriver.get(String)" because "this.driver" is null
at stepdefinitions.StepDefinitions.i_access_the_WebDriver_University_Contact_Us_Page(StepDefinitions.java:31)
at ✽.I access the WebDriver University Contact Us Page(file:///C:/Users/tejas/Project/Project_new/Projects_new/UdemayProject/udemy/src/test/resources/features/Contact_Us_.feature:5)
]]>
    </error>
  </testcase> <!-- runScenario -->
  <testcase classname="runners.TestRunner" name="runScenario" time="3.333">
    <error message="Cannot invoke &quot;org.openqa.selenium.WebDriver.get(String)&quot; because &quot;this.driver&quot; is null" type="java.lang.NullPointerException">
      <![CDATA[java.lang.NullPointerException: Cannot invoke "org.openqa.selenium.WebDriver.get(String)" because "this.driver" is null
at stepdefinitions.StepDefinitions.i_access_the_WebDriver_University_Contact_Us_Page(StepDefinitions.java:31)
at ✽.I access the WebDriver University Contact Us Page(file:///C:/Users/tejas/Project/Project_new/Projects_new/UdemayProject/udemy/src/test/resources/features/Contact_Us_.feature:5)
]]>
    </error>
  </testcase> <!-- runScenario -->
</testsuite> <!-- runners.TestRunner -->
