<?xml version="1.0" encoding="UTF-8"?>
<!-- Generated by org.testng.reporters.JUnitReportReporter -->
<testsuite hostname="DESKTOP-IT85V5I" failures="0" tests="6" name="runners.TestRunner" time="58.097" errors="0" timestamp="2026-03-24T23:29:23 IST" skipped="0">
  <testcase classname="runners.TestRunner" name="runScenario" time="9.896"/>
  <testcase classname="runners.TestRunner" name="runScenario" time="9.132"/>
  <testcase classname="runners.TestRunner" name="runScenario" time="10.398"/>
  <testcase classname="runners.TestRunner" name="runScenario" time="10.101"/>
  <testcase classname="runners.TestRunner" name="runScenario" time="8.843"/>
  <testcase classname="runners.TestRunner" name="runScenario" time="9.727"/>
</testsuite> <!-- runners.TestRunner -->
