<?xml version="1.0" encoding="UTF-8"?>
<!-- Generated by org.testng.reporters.JUnitReportReporter -->
<testsuite hostname="ZTLW-36" failures="0" tests="6" name="runners.TestRunner" time="114.441" errors="0" timestamp="2026-03-24T17:05:56 IST" skipped="0">
  <testcase classname="runners.TestRunner" name="runScenario" time="17.514"/>
  <testcase classname="runners.TestRunner" name="runScenario" time="19.861"/>
  <testcase classname="runners.TestRunner" name="runScenario" time="19.763"/>
  <testcase classname="runners.TestRunner" name="runScenario" time="19.333"/>
  <testcase classname="runners.TestRunner" name="runScenario" time="20.069"/>
  <testcase classname="runners.TestRunner" name="runScenario" time="17.901"/>
</testsuite> <!-- runners.TestRunner -->
