<?xml version="1.0" encoding="UTF-8"?>
<!-- Generated by org.testng.reporters.JUnitReportReporter -->
<testsuite hostname="ZTLW-36" failures="0" tests="3" name="runners.TestRunner" time="34.525" errors="3" timestamp="2026-03-10T18:21:37 IST" skipped="0">
  <testcase classname="runners.TestRunner" name="runScenario" time="10.659">
    <error message="The step &#039;I enter a email anonymoususer02@email.com&#039; is undefined.
You can implement this step using the snippet(s) below:

@When(&quot;I enter a email anonymoususer02@email.com&quot;)
public void i_enter_a_email_anonymoususer02_email_com() {
    // Write code here that turns the phrase above into concrete actions
    throw new io.cucumber.java.PendingException();
}
" type="io.cucumber.testng.UndefinedStepException">
      <![CDATA[io.cucumber.testng.UndefinedStepException: The step 'I enter a email anonymoususer02@email.com' is undefined.
You can implement this step using the snippet(s) below:

@When("I enter a email anonymoususer02@email.com")
public void i_enter_a_email_anonymoususer02_email_com() {
    // Write code here that turns the phrase above into concrete actions
    throw new io.cucumber.java.PendingException();
}

at ✽.I enter a email anonymoususer02@email.com(file:///C:/Users/tejas/Project/Project_new/Projects_new/UdemayProject/udemy/src/test/resources/features/Contact_Us_.feature:10)
]]>
    </error>
  </testcase> <!-- runScenario -->
  <testcase classname="runners.TestRunner" name="runScenario" time="13.516">
    <error message="The step &#039;I enter a email anonymoususer01@email.com&#039; is undefined.
You can implement this step using the snippet(s) below:

@When(&quot;I enter a email anonymoususer01@email.com&quot;)
public void i_enter_a_email_anonymoususer01_email_com() {
    // Write code here that turns the phrase above into concrete actions
    throw new io.cucumber.java.PendingException();
}
" type="io.cucumber.testng.UndefinedStepException">
      <![CDATA[io.cucumber.testng.UndefinedStepException: The step 'I enter a email anonymoususer01@email.com' is undefined.
You can implement this step using the snippet(s) below:

@When("I enter a email anonymoususer01@email.com")
public void i_enter_a_email_anonymoususer01_email_com() {
    // Write code here that turns the phrase above into concrete actions
    throw new io.cucumber.java.PendingException();
}

at ✽.I enter a email anonymoususer01@email.com(file:///C:/Users/tejas/Project/Project_new/Projects_new/UdemayProject/udemy/src/test/resources/features/Contact_Us_.feature:10)
]]>
    </error>
  </testcase> <!-- runScenario -->
  <testcase classname="runners.TestRunner" name="runScenario" time="10.350">
    <error message="The step &#039;I enter a email anonymoususer03@email.com&#039; is undefined.
You can implement this step using the snippet(s) below:

@When(&quot;I enter a email anonymoususer03@email.com&quot;)
public void i_enter_a_email_anonymoususer03_email_com() {
    // Write code here that turns the phrase above into concrete actions
    throw new io.cucumber.java.PendingException();
}
" type="io.cucumber.testng.UndefinedStepException">
      <![CDATA[io.cucumber.testng.UndefinedStepException: The step 'I enter a email anonymoususer03@email.com' is undefined.
You can implement this step using the snippet(s) below:

@When("I enter a email anonymoususer03@email.com")
public void i_enter_a_email_anonymoususer03_email_com() {
    // Write code here that turns the phrase above into concrete actions
    throw new io.cucumber.java.PendingException();
}

at ✽.I enter a email anonymoususer03@email.com(file:///C:/Users/tejas/Project/Project_new/Projects_new/UdemayProject/udemy/src/test/resources/features/Contact_Us_.feature:10)
]]>
    </error>
  </testcase> <!-- runScenario -->
</testsuite> <!-- runners.TestRunner -->
