<?xml version="1.0" encoding="UTF-8"?>
<!-- Generated by org.testng.reporters.JUnitReportReporter -->
<testsuite hostname="DESKTOP-IT85V5I" failures="0" tests="6" name="runners.TestRunner" time="285.253" errors="0" timestamp="2026-03-25T22:47:39 IST" skipped="0">
  <testcase classname="runners.TestRunner" name="runScenario" time="47.701"/>
  <testcase classname="runners.TestRunner" name="runScenario" time="47.621"/>
  <testcase classname="runners.TestRunner" name="runScenario" time="46.762"/>
  <testcase classname="runners.TestRunner" name="runScenario" time="47.701"/>
  <testcase classname="runners.TestRunner" name="runScenario" time="47.798"/>
  <testcase classname="runners.TestRunner" name="runScenario" time="47.670"/>
</testsuite> <!-- runners.TestRunner -->
