<?xml version="1.0" encoding="UTF-8"?>
<!-- Generated by org.testng.reporters.JUnitReportReporter -->
<testsuite hostname="DESKTOP-IT85V5I" failures="0" tests="5" name="runners.TestRunner" time="19.037" errors="0" timestamp="2026-03-23T23:29:02 IST" skipped="0">
  <testcase classname="runners.TestRunner" name="runScenario" time="3.943"/>
  <testcase classname="runners.TestRunner" name="runScenario" time="2.547"/>
  <testcase classname="runners.TestRunner" name="runScenario" time="2.566"/>
  <testcase classname="runners.TestRunner" name="runScenario" time="4.115"/>
  <testcase classname="runners.TestRunner" name="runScenario" time="5.866"/>
</testsuite> <!-- runners.TestRunner -->
