<?xml version="1.0" encoding="UTF-8"?>
<!-- Generated by org.testng.reporters.JUnitReportReporter -->
<testsuite hostname="ZTLW-36" failures="0" tests="3" name="runners.TestRunner" time="101.752" errors="0" timestamp="2026-03-27T20:03:30 IST" skipped="0">
  <testcase classname="runners.TestRunner" name="runScenario" time="31.268"/>
  <testcase classname="runners.TestRunner" name="runScenario" time="39.734"/>
  <testcase classname="runners.TestRunner" name="runScenario" time="30.750"/>
</testsuite> <!-- runners.TestRunner -->
