-------------------------------------------------------------------------------
Test set: runners.TestRunner
-------------------------------------------------------------------------------
Tests run: 2, Failures: 2, Errors: 0, Skipped: 0, Time elapsed: 32.78 s <<< FAILURE! -- in runners.TestRunner
runners.TestRunner.runScenario["Add an item from search results to cart", "Flipkart Add an item to Cart"](1) -- Time elapsed: 19.42 s <<< FAILURE!
io.cucumber.testng.UndefinedStepException: 
The step 'I search for an iphone' and 3 other step(s) are undefined.
You can implement these steps using the snippet(s) below:

@When("I search for an iphone")
public void i_search_for_an_iphone() {
    // Write code here that turns the phrase above into concrete actions
    throw new io.cucumber.java.PendingException();
}
@When("I should be able to interact with the serach results")
public void i_should_be_able_to_interact_with_the_serach_results() {
    // Write code here that turns the phrase above into concrete actions
    throw new io.cucumber.java.PendingException();
}
@When("I click on the first item from search results")
public void i_click_on_the_first_item_from_search_results() {
    // Write code here that turns the phrase above into concrete actions
    throw new io.cucumber.java.PendingException();
}
@Then("I should be able to add item to cart")
public void i_should_be_able_to_add_item_to_cart() {
    // Write code here that turns the phrase above into concrete actions
    throw new io.cucumber.java.PendingException();
}

	at ✽.I search for an iphone(classpath:features/Add_to_Cart.feature:8)

runners.TestRunner.runScenario["Add an item from search results to cart", "Flipkart Add an item to Cart"](2) -- Time elapsed: 11.39 s <<< FAILURE!
io.cucumber.testng.UndefinedStepException: 
The step 'I search for an nothing phone' and 3 other step(s) are undefined.
You can implement these steps using the snippet(s) below:

@When("I search for an nothing phone")
public void i_search_for_an_nothing_phone() {
    // Write code here that turns the phrase above into concrete actions
    throw new io.cucumber.java.PendingException();
}
@When("I should be able to interact with the serach results")
public void i_should_be_able_to_interact_with_the_serach_results() {
    // Write code here that turns the phrase above into concrete actions
    throw new io.cucumber.java.PendingException();
}
@When("I click on the first item from search results")
public void i_click_on_the_first_item_from_search_results() {
    // Write code here that turns the phrase above into concrete actions
    throw new io.cucumber.java.PendingException();
}
@Then("I should be able to add item to cart")
public void i_should_be_able_to_add_item_to_cart() {
    // Write code here that turns the phrase above into concrete actions
    throw new io.cucumber.java.PendingException();
}

	at ✽.I search for an nothing phone(classpath:features/Add_to_Cart.feature:8)

