<?xml version="1.0" encoding="UTF-8"?>
<testsuite xmlns:xsi="http://www.w3.org/2001/XMLSchema-instance" xsi:noNamespaceSchemaLocation="https://maven.apache.org/surefire/maven-surefire-plugin/xsd/surefire-test-report-3.0.xsd" version="3.0" name="runners.TestRunner" time="20.404" tests="2" errors="0" skipped="0" failures="2">
  <properties>
[...]
</properties>
  <testcase name="runScenario[&quot;Dismiss login popup on the homepage&quot;, &quot;Flipkart Homepage Login Popup&quot;](1)" classname="runners.TestRunner" time="16.899">
    <failure message="Expected condition failed: waiting for visibility of [[ChromeDriver: chrome on windows (439d0e50fb11a01ae639431a20e47349)] -&gt; xpath: //input[@class= &apos;nw1UBF v1zwn25&apos;]]&#10;(tried for 10 seconds with 500 milliseconds interval)&#10;Build info: version: &apos;4.40.0&apos;, revision: &apos;b3333f1&apos;&#10;System info: os.name: &apos;Windows 11&apos;, os.arch: &apos;amd64&apos;, os.version: &apos;10.0&apos;, java.version: &apos;21.0.10&apos;&#10;Driver info: org.openqa.selenium.chrome.ChromeDriver&#10;Capabilities {acceptInsecureCerts: false, browserName: chrome, browserVersion: 147.0.7727.56, chrome: {chromedriverVersion: 147.0.7727.57 (b4f28b5637d0..., userDataDir: C:\Users\tejas\AppData\Loca...}, fedcm:accounts: true, goog:chromeOptions: {debuggerAddress: localhost:50852}, goog:processID: 12812, networkConnectionEnabled: false, pageLoadStrategy: normal, platformName: windows, proxy: Proxy(), se:cdp: ws://localhost:50852/devtoo..., se:cdpVersion: 147.0.7727.56, setWindowRect: true, strictFileInteractability: false, timeouts: {implicit: 0, pageLoad: 300000, script: 30000}, unhandledPromptBehavior: dismiss and notify, webauthn:extension:credBlob: true, webauthn:extension:largeBlob: true, webauthn:extension:minPinLength: true, webauthn:extension:prf: true, webauthn:virtualAuthenticators: true}&#10;Session ID: 439d0e50fb11a01ae639431a20e47349" type="org.openqa.selenium.TimeoutException"><![CDATA[org.openqa.selenium.TimeoutException: 
Expected condition failed: waiting for visibility of [[ChromeDriver: chrome on windows (439d0e50fb11a01ae639431a20e47349)] -> xpath: //input[@class= 'nw1UBF v1zwn25']]
(tried for 10 seconds with 500 milliseconds interval)
Build info: version: '4.40.0', revision: 'b3333f1'
System info: os.name: 'Windows 11', os.arch: 'amd64', os.version: '10.0', java.version: '21.0.10'
Driver info: org.openqa.selenium.chrome.ChromeDriver
Capabilities {acceptInsecureCerts: false, browserName: chrome, browserVersion: 147.0.7727.56, chrome: {chromedriverVersion: 147.0.7727.57 (b4f28b5637d0..., userDataDir: C:\Users\tejas\AppData\Loca...}, fedcm:accounts: true, goog:chromeOptions: {debuggerAddress: localhost:50852}, goog:processID: 12812, networkConnectionEnabled: false, pageLoadStrategy: normal, platformName: windows, proxy: Proxy(), se:cdp: ws://localhost:50852/devtoo..., se:cdpVersion: 147.0.7727.56, setWindowRect: true, strictFileInteractability: false, timeouts: {implicit: 0, pageLoad: 300000, script: 30000}, unhandledPromptBehavior: dismiss and notify, webauthn:extension:credBlob: true, webauthn:extension:largeBlob: true, webauthn:extension:minPinLength: true, webauthn:extension:prf: true, webauthn:virtualAuthenticators: true}
Session ID: 439d0e50fb11a01ae639431a20e47349
	at org.openqa.selenium.support.ui.WebDriverWait.timeoutException(WebDriverWait.java:84)
	at org.openqa.selenium.support.ui.FluentWait.until(FluentWait.java:231)
	at pageobjects.BasePO.interactWithHomepage(BasePO.java:54)
	at pageobjects.Popup_PO.homepageInteraction(Popup_PO.java:43)
	at stepdefinitions.Popup_Dismiss.i_should_be_able_to_interact_with_the_homepage_without_any_obstruction(Popup_Dismiss.java:45)
	at ✽.I should be able to interact with the homepage without any obstruction(classpath:features/Popup_Dismiss.feature:9)
]]></failure>
    <system-out><![CDATA[
Scenario Outline: Dismiss login popup on the homepage                          # classpath:features/Popup_Dismiss.feature:15

Scenario Outline: Dismiss login popup on the homepage                          # classpath:features/Popup_Dismiss.feature:14
  ✔ Given I access the Flipkart homepage as a non-logged-in user               # stepdefinitions.Popup_Dismiss.i_access_the_flipkart_homepage_as_a_non_logged_in_user()
  ✔ Given I access the Flipkart homepage as a non-logged-in user               # stepdefinitions.Popup_Dismiss.i_access_the_flipkart_homepage_as_a_non_logged_in_user()
  ✔ And a login popup is displayed                                             # stepdefinitions.Popup_Dismiss.a_login_popup_is_displayed()
  ✔ When I click on the close button of the popup                              # stepdefinitions.Popup_Dismiss.i_click_on_the_close_button_of_the_popup()
  ✔ And the login popup should be dismissed                                    # stepdefinitions.Popup_Dismiss.the_login_popup_should_be_dismissed()
  ✔ And a login popup is displayed                                             # stepdefinitions.Popup_Dismiss.a_login_popup_is_displayed()
  ✔ When I click on the close button of the popup                              # stepdefinitions.Popup_Dismiss.i_click_on_the_close_button_of_the_popup()
  ✔ And the login popup should be dismissed                                    # stepdefinitions.Popup_Dismiss.the_login_popup_should_be_dismissed()
  ✔ And I should be able to interact with the homepage without any obstruction # stepdefinitions.Popup_Dismiss.i_should_be_able_to_interact_with_the_homepage_without_any_obstruction()
  ✘ And I should be able to interact with the homepage without any obstruction # stepdefinitions.Popup_Dismiss.i_should_be_able_to_interact_with_the_homepage_without_any_obstruction()
        org.openqa.selenium.TimeoutException: Expected condition failed: waiting for visibility of [[ChromeDriver: chrome on windows (439d0e50fb11a01ae639431a20e47349)] -> xpath: //input[@class= 'nw1UBF v1zwn25']]
        (tried for 10 seconds with 500 milliseconds interval)
        Build info: version: '4.40.0', revision: 'b3333f1'
        System info: os.name: 'Windows 11', os.arch: 'amd64', os.version: '10.0', java.version: '21.0.10'
        Driver info: org.openqa.selenium.chrome.ChromeDriver
        Capabilities {acceptInsecureCerts: false, browserName: chrome, browserVersion: 147.0.7727.56, chrome: {chromedriverVersion: 147.0.7727.57 (b4f28b5637d0..., userDataDir: C:\Users\tejas\AppData\Loca...}, fedcm:accounts: true, goog:chromeOptions: {debuggerAddress: localhost:50852}, goog:processID: 12812, networkConnectionEnabled: false, pageLoadStrategy: normal, platformName: windows, proxy: Proxy(), se:cdp: ws://localhost:50852/devtoo..., se:cdpVersion: 147.0.7727.56, setWindowRect: true, strictFileInteractability: false, timeouts: {implicit: 0, pageLoad: 300000, script: 30000}, unhandledPromptBehavior: dismiss and notify, webauthn:extension:credBlob: true, webauthn:extension:largeBlob: true, webauthn:extension:minPinLength: true, webauthn:extension:prf: true, webauthn:virtualAuthenticators: true}
        Session ID: 439d0e50fb11a01ae639431a20e47349
        	at org.openqa.selenium.support.ui.WebDriverWait.timeoutException(WebDriverWait.java:84)
        	at org.openqa.selenium.support.ui.FluentWait.until(FluentWait.java:231)
        	at pageobjects.BasePO.interactWithHomepage(BasePO.java:54)
        	at pageobjects.Popup_PO.homepageInteraction(Popup_PO.java:43)
        	at stepdefinitions.Popup_Dismiss.i_should_be_able_to_interact_with_the_homepage_without_any_obstruction(Popup_Dismiss.java:45)
        	at ✽.I should be able to interact with the homepage without any obstruction(classpath:features/Popup_Dismiss.feature:9)
  ↷ Then I should be able to search for "nothing phone"                        # stepdefinitions.Popup_Dismiss.i_should_be_able_to_search_for(java.lang.String)
]]></system-out>
    <system-err><![CDATA[SLF4J(W): No SLF4J providers were found.
SLF4J(W): Defaulting to no-operation (NOP) logger implementation
SLF4J(W): See https://www.slf4j.org/codes.html#noProviders for further details.
Apr 22, 2026 6:54:08 PM org.openqa.selenium.devtools.CdpVersionFinder findNearestMatch
WARNING: Unable to find an exact match for CDP version 147, returning the closest version; found: 144; Please update to a Selenium version that supports CDP version 147
Apr 22, 2026 6:54:08 PM org.openqa.selenium.devtools.CdpVersionFinder findNearestMatch
WARNING: Unable to find an exact match for CDP version 147, returning the closest version; found: 144; Please update to a Selenium version that supports CDP version 147
]]></system-err>
  </testcase>
  <testcase name="runScenario[&quot;Dismiss login popup on the homepage&quot;, &quot;Flipkart Homepage Login Popup&quot;](2)" classname="runners.TestRunner" time="19.076">
    <failure message="Expected condition failed: waiting for visibility of Proxy element for: DefaultElementLocator &apos;By.xpath: //input[@class= &apos;nw1UBF v1zwn25&apos;]&apos;&#10;(tried for 10 seconds with 500 milliseconds interval)" type="org.openqa.selenium.TimeoutException"><![CDATA[org.openqa.selenium.TimeoutException: 
Expected condition failed: waiting for visibility of Proxy element for: DefaultElementLocator 'By.xpath: //input[@class= 'nw1UBF v1zwn25']'
(tried for 10 seconds with 500 milliseconds interval)
	at org.openqa.selenium.support.ui.WebDriverWait.timeoutException(WebDriverWait.java:84)
	at org.openqa.selenium.support.ui.FluentWait.until(FluentWait.java:231)
	at pageobjects.BasePO.searchForProduct(BasePO.java:61)
	at pageobjects.Popup_PO.search_For_Product(Popup_PO.java:48)
	at stepdefinitions.Popup_Dismiss.i_should_be_able_to_search_for(Popup_Dismiss.java:51)
	at ✽.I should be able to search for "iphone"(classpath:features/Popup_Dismiss.feature:10)
Caused by: org.openqa.selenium.NoSuchElementException: no such element: Unable to locate element: {"method":"xpath","selector":"//input[@class= 'nw1UBF v1zwn25']"}
  (Session info: chrome=147.0.7727.56)
For documentation on this error, please visit: https://www.selenium.dev/documentation/webdriver/troubleshooting/errors#nosuchelementexception
Build info: version: '4.40.0', revision: 'b3333f1'
System info: os.name: 'Windows 11', os.arch: 'amd64', os.version: '10.0', java.version: '21.0.10'
Driver info: org.openqa.selenium.chrome.ChromeDriver
Command: [546f0fded51cf589106f069ccf857737, findElement {value=//input[@class= 'nw1UBF v1zwn25'], using=xpath}]
Capabilities {acceptInsecureCerts: false, browserName: chrome, browserVersion: 147.0.7727.56, chrome: {chromedriverVersion: 147.0.7727.57 (b4f28b5637d0..., userDataDir: C:\Users\tejas\AppData\Loca...}, fedcm:accounts: true, goog:chromeOptions: {debuggerAddress: localhost:62454}, goog:processID: 28752, networkConnectionEnabled: false, pageLoadStrategy: normal, platformName: windows, proxy: Proxy(), se:cdp: ws://localhost:62454/devtoo..., se:cdpVersion: 147.0.7727.56, setWindowRect: true, strictFileInteractability: false, timeouts: {implicit: 0, pageLoad: 300000, script: 30000}, unhandledPromptBehavior: dismiss and notify, webauthn:extension:credBlob: true, webauthn:extension:largeBlob: true, webauthn:extension:minPinLength: true, webauthn:extension:prf: true, webauthn:virtualAuthenticators: true}
Session ID: 546f0fded51cf589106f069ccf857737
	at org.openqa.selenium.remote.ErrorCodec.decode(ErrorCodec.java:169)
	at org.openqa.selenium.remote.codec.w3c.W3CHttpResponseCodec.decode(W3CHttpResponseCodec.java:142)
	at org.openqa.selenium.remote.codec.w3c.W3CHttpResponseCodec.decode(W3CHttpResponseCodec.java:49)
	at org.openqa.selenium.remote.HttpCommandExecutor.execute(HttpCommandExecutor.java:223)
	at org.openqa.selenium.remote.service.DriverCommandExecutor.invokeExecute(DriverCommandExecutor.java:216)
	at org.openqa.selenium.remote.service.DriverCommandExecutor.execute(DriverCommandExecutor.java:174)
	at org.openqa.selenium.remote.RemoteWebDriver.execute(RemoteWebDriver.java:601)
	at org.openqa.selenium.remote.ElementLocation$ElementFinder$2.findElement(ElementLocation.java:166)
	at org.openqa.selenium.remote.ElementLocation.findElement(ElementLocation.java:60)
	at org.openqa.selenium.remote.RemoteWebDriver.findElement(RemoteWebDriver.java:424)
	at org.openqa.selenium.remote.RemoteWebDriver.findElement(RemoteWebDriver.java:418)
	at org.openqa.selenium.support.pagefactory.DefaultElementLocator.findElement(DefaultElementLocator.java:68)
	at org.openqa.selenium.support.pagefactory.internal.LocatingElementHandler.invoke(LocatingElementHandler.java:38)
	at jdk.proxy2/jdk.proxy2.$Proxy20.isDisplayed(Unknown Source)
	at org.openqa.selenium.support.ui.ExpectedConditions.elementIfVisible(ExpectedConditions.java:367)
	at org.openqa.selenium.support.ui.ExpectedConditions$10.apply(ExpectedConditions.java:353)
	at org.openqa.selenium.support.ui.ExpectedConditions$10.apply(ExpectedConditions.java:350)
	at org.openqa.selenium.support.ui.FluentWait.until(FluentWait.java:207)
	... 4 more
]]></failure>
    <system-out><![CDATA[  ✘ Then I should be able to search for "iphone"                               # stepdefinitions.Popup_Dismiss.i_should_be_able_to_search_for(java.lang.String)
        org.openqa.selenium.TimeoutException: Expected condition failed: waiting for visibility of Proxy element for: DefaultElementLocator 'By.xpath: //input[@class= 'nw1UBF v1zwn25']'
        (tried for 10 seconds with 500 milliseconds interval)
        	at org.openqa.selenium.support.ui.WebDriverWait.timeoutException(WebDriverWait.java:84)
        	at org.openqa.selenium.support.ui.FluentWait.until(FluentWait.java:231)
        	at pageobjects.BasePO.searchForProduct(BasePO.java:61)
        	at pageobjects.Popup_PO.search_For_Product(Popup_PO.java:48)
        	at stepdefinitions.Popup_Dismiss.i_should_be_able_to_search_for(Popup_Dismiss.java:51)
        	at ✽.I should be able to search for "iphone"(classpath:features/Popup_Dismiss.feature:10)
        Caused by: org.openqa.selenium.NoSuchElementException: no such element: Unable to locate element: {"method":"xpath","selector":"//input[@class= 'nw1UBF v1zwn25']"}
          (Session info: chrome=147.0.7727.56)
        For documentation on this error, please visit: https://www.selenium.dev/documentation/webdriver/troubleshooting/errors#nosuchelementexception
        Build info: version: '4.40.0', revision: 'b3333f1'
        System info: os.name: 'Windows 11', os.arch: 'amd64', os.version: '10.0', java.version: '21.0.10'
        Driver info: org.openqa.selenium.chrome.ChromeDriver
        Command: [546f0fded51cf589106f069ccf857737, findElement {value=//input[@class= 'nw1UBF v1zwn25'], using=xpath}]
        Capabilities {acceptInsecureCerts: false, browserName: chrome, browserVersion: 147.0.7727.56, chrome: {chromedriverVersion: 147.0.7727.57 (b4f28b5637d0..., userDataDir: C:\Users\tejas\AppData\Loca...}, fedcm:accounts: true, goog:chromeOptions: {debuggerAddress: localhost:62454}, goog:processID: 28752, networkConnectionEnabled: false, pageLoadStrategy: normal, platformName: windows, proxy: Proxy(), se:cdp: ws://localhost:62454/devtoo..., se:cdpVersion: 147.0.7727.56, setWindowRect: true, strictFileInteractability: false, timeouts: {implicit: 0, pageLoad: 300000, script: 30000}, unhandledPromptBehavior: dismiss and notify, webauthn:extension:credBlob: true, webauthn:extension:largeBlob: true, webauthn:extension:minPinLength: true, webauthn:extension:prf: true, webauthn:virtualAuthenticators: true}
        Session ID: 546f0fded51cf589106f069ccf857737
        	at org.openqa.selenium.remote.ErrorCodec.decode(ErrorCodec.java:169)
        	at org.openqa.selenium.remote.codec.w3c.W3CHttpResponseCodec.decode(W3CHttpResponseCodec.java:142)
        	at org.openqa.selenium.remote.codec.w3c.W3CHttpResponseCodec.decode(W3CHttpResponseCodec.java:49)
        	at org.openqa.selenium.remote.HttpCommandExecutor.execute(HttpCommandExecutor.java:223)
        	at org.openqa.selenium.remote.service.DriverCommandExecutor.invokeExecute(DriverCommandExecutor.java:216)
        	at org.openqa.selenium.remote.service.DriverCommandExecutor.execute(DriverCommandExecutor.java:174)
        	at org.openqa.selenium.remote.RemoteWebDriver.execute(RemoteWebDriver.java:601)
        	at org.openqa.selenium.remote.ElementLocation$ElementFinder$2.findElement(ElementLocation.java:166)
        	at org.openqa.selenium.remote.ElementLocation.findElement(ElementLocation.java:60)
        	at org.openqa.selenium.remote.RemoteWebDriver.findElement(RemoteWebDriver.java:424)
        	at org.openqa.selenium.remote.RemoteWebDriver.findElement(RemoteWebDriver.java:418)
        	at org.openqa.selenium.support.pagefactory.DefaultElementLocator.findElement(DefaultElementLocator.java:68)
        	at org.openqa.selenium.support.pagefactory.internal.LocatingElementHandler.invoke(LocatingElementHandler.java:38)
        	at jdk.proxy2/jdk.proxy2.$Proxy20.isDisplayed(Unknown Source)
        	at org.openqa.selenium.support.ui.ExpectedConditions.elementIfVisible(ExpectedConditions.java:367)
        	at org.openqa.selenium.support.ui.ExpectedConditions$10.apply(ExpectedConditions.java:353)
        	at org.openqa.selenium.support.ui.ExpectedConditions$10.apply(ExpectedConditions.java:350)
        	at org.openqa.selenium.support.ui.FluentWait.until(FluentWait.java:207)
        	... 4 more
]]></system-out>
  </testcase>
</testsuite>