<?xml version="1.0" encoding="UTF-8"?>
<testsuite xmlns:xsi="http://www.w3.org/2001/XMLSchema-instance" xsi:noNamespaceSchemaLocation="https://maven.apache.org/surefire/maven-surefire-plugin/xsd/surefire-test-report-3.0.xsd" version="3.0" name="runners.TestRunner" time="32.781" tests="2" errors="0" skipped="0" failures="2">
  <properties>
[...]
</properties>
  <testcase name="runScenario[&quot;Add an item from search results to cart&quot;, &quot;Flipkart Add an item to Cart&quot;](1)" classname="runners.TestRunner" time="19.422">
    <failure message="The step &apos;I search for an iphone&apos; and 3 other step(s) are undefined.&#10;You can implement these steps using the snippet(s) below:&#10;&#10;@When(&quot;I search for an iphone&quot;)&#10;public void i_search_for_an_iphone() {&#10;    // Write code here that turns the phrase above into concrete actions&#10;    throw new io.cucumber.java.PendingException();&#10;}&#10;@When(&quot;I should be able to interact with the serach results&quot;)&#10;public void i_should_be_able_to_interact_with_the_serach_results() {&#10;    // Write code here that turns the phrase above into concrete actions&#10;    throw new io.cucumber.java.PendingException();&#10;}&#10;@When(&quot;I click on the first item from search results&quot;)&#10;public void i_click_on_the_first_item_from_search_results() {&#10;    // Write code here that turns the phrase above into concrete actions&#10;    throw new io.cucumber.java.PendingException();&#10;}&#10;@Then(&quot;I should be able to add item to cart&quot;)&#10;public void i_should_be_able_to_add_item_to_cart() {&#10;    // Write code here that turns the phrase above into concrete actions&#10;    throw new io.cucumber.java.PendingException();&#10;}&#10;" type="io.cucumber.testng.UndefinedStepException"><![CDATA[io.cucumber.testng.UndefinedStepException: 
The step 'I search for an iphone' and 3 other step(s) are undefined.
You can implement these steps using the snippet(s) below:

@When("I search for an iphone")
public void i_search_for_an_iphone() {
    // Write code here that turns the phrase above into concrete actions
    throw new io.cucumber.java.PendingException();
}
@When("I should be able to interact with the serach results")
public void i_should_be_able_to_interact_with_the_serach_results() {
    // Write code here that turns the phrase above into concrete actions
    throw new io.cucumber.java.PendingException();
}
@When("I click on the first item from search results")
public void i_click_on_the_first_item_from_search_results() {
    // Write code here that turns the phrase above into concrete actions
    throw new io.cucumber.java.PendingException();
}
@Then("I should be able to add item to cart")
public void i_should_be_able_to_add_item_to_cart() {
    // Write code here that turns the phrase above into concrete actions
    throw new io.cucumber.java.PendingException();
}

	at ✽.I search for an iphone(classpath:features/Add_to_Cart.feature:8)
]]></failure>
    <system-out><![CDATA[
@Addtocart
Scenario Outline: Add an item from search results to cart        # classpath:features/Add_to_Cart.feature:15
  ✔ Given I access the Flipkart homepage as a non-logged-in user # stepdefinitions.Popup_Dismiss.i_access_the_flipkart_homepage_as_a_non_logged_in_user()
  ✔ And I click on the close button of the popup                 # stepdefinitions.Popup_Dismiss.i_click_on_the_close_button_of_the_popup()
  ■ When I search for an iphone
  ↷ And I should be able to interact with the serach results
  ↷ And I click on the first item from search results
  ↷ Then I should be able to add item to cart
]]></system-out>
    <system-err><![CDATA[SLF4J(W): No SLF4J providers were found.
SLF4J(W): Defaulting to no-operation (NOP) logger implementation
SLF4J(W): See https://www.slf4j.org/codes.html#noProviders for further details.
Sep 03, 2026 5:41:26 PM org.openqa.selenium.devtools.CdpVersionFinder findNearestMatch
WARNING: Unable to find CDP implementation matching 151
Sep 03, 2026 5:41:26 PM org.openqa.selenium.chromium.ChromiumDriver lambda$new$4
WARNING: Unable to find version of CDP to use for 151.0.7922.174. You may need to include a dependency on a specific version of the CDP using something similar to `org.seleniumhq.selenium:selenium-devtools-v86:4.40.0` where the version ("v86") matches the version of the chromium-based browser you're using and the version number of the artifact is the same as Selenium's.
]]></system-err>
  </testcase>
  <testcase name="runScenario[&quot;Add an item from search results to cart&quot;, &quot;Flipkart Add an item to Cart&quot;](2)" classname="runners.TestRunner" time="11.393">
    <failure message="The step &apos;I search for an nothing phone&apos; and 3 other step(s) are undefined.&#10;You can implement these steps using the snippet(s) below:&#10;&#10;@When(&quot;I search for an nothing phone&quot;)&#10;public void i_search_for_an_nothing_phone() {&#10;    // Write code here that turns the phrase above into concrete actions&#10;    throw new io.cucumber.java.PendingException();&#10;}&#10;@When(&quot;I should be able to interact with the serach results&quot;)&#10;public void i_should_be_able_to_interact_with_the_serach_results() {&#10;    // Write code here that turns the phrase above into concrete actions&#10;    throw new io.cucumber.java.PendingException();&#10;}&#10;@When(&quot;I click on the first item from search results&quot;)&#10;public void i_click_on_the_first_item_from_search_results() {&#10;    // Write code here that turns the phrase above into concrete actions&#10;    throw new io.cucumber.java.PendingException();&#10;}&#10;@Then(&quot;I should be able to add item to cart&quot;)&#10;public void i_should_be_able_to_add_item_to_cart() {&#10;    // Write code here that turns the phrase above into concrete actions&#10;    throw new io.cucumber.java.PendingException();&#10;}&#10;" type="io.cucumber.testng.UndefinedStepException"><![CDATA[io.cucumber.testng.UndefinedStepException: 
The step 'I search for an nothing phone' and 3 other step(s) are undefined.
You can implement these steps using the snippet(s) below:

@When("I search for an nothing phone")
public void i_search_for_an_nothing_phone() {
    // Write code here that turns the phrase above into concrete actions
    throw new io.cucumber.java.PendingException();
}
@When("I should be able to interact with the serach results")
public void i_should_be_able_to_interact_with_the_serach_results() {
    // Write code here that turns the phrase above into concrete actions
    throw new io.cucumber.java.PendingException();
}
@When("I click on the first item from search results")
public void i_click_on_the_first_item_from_search_results() {
    // Write code here that turns the phrase above into concrete actions
    throw new io.cucumber.java.PendingException();
}
@Then("I should be able to add item to cart")
public void i_should_be_able_to_add_item_to_cart() {
    // Write code here that turns the phrase above into concrete actions
    throw new io.cucumber.java.PendingException();
}

	at ✽.I search for an nothing phone(classpath:features/Add_to_Cart.feature:8)
]]></failure>
    <system-out><![CDATA[
@Addtocart
Scenario Outline: Add an item from search results to cart        # classpath:features/Add_to_Cart.feature:16
  ✔ Given I access the Flipkart homepage as a non-logged-in user # stepdefinitions.Popup_Dismiss.i_access_the_flipkart_homepage_as_a_non_logged_in_user()
  ✔ And I click on the close button of the popup                 # stepdefinitions.Popup_Dismiss.i_click_on_the_close_button_of_the_popup()
  ■ When I search for an nothing phone
  ↷ And I should be able to interact with the serach results
  ↷ And I click on the first item from search results
  ↷ Then I should be able to add item to cart
]]></system-out>
    <system-err><![CDATA[Sep 03, 2026 5:41:38 PM org.openqa.selenium.devtools.CdpVersionFinder findNearestMatch
WARNING: Unable to find CDP implementation matching 151
Sep 03, 2026 5:41:38 PM org.openqa.selenium.chromium.ChromiumDriver lambda$new$4
WARNING: Unable to find version of CDP to use for 151.0.7922.174. You may need to include a dependency on a specific version of the CDP using something similar to `org.seleniumhq.selenium:selenium-devtools-v86:4.40.0` where the version ("v86") matches the version of the chromium-based browser you're using and the version number of the artifact is the same as Selenium's.
]]></system-err>
  </testcase>
</testsuite>