<?xml version="1.0" encoding="UTF-8"?>
<testng-results ignored="0" total="1" passed="1" failed="0" skipped="0">
  <reporter-output>
  </reporter-output>
  <suite started-at="2025-12-27T00:45:18 IST" name="Flipkart Test Suite" finished-at="2025-12-27T00:45:30 IST" duration-ms="12297">
    <groups>
    </groups>
    <test started-at="2025-12-27T00:45:18 IST" name="Flipkart Tests" finished-at="2025-12-27T00:45:30 IST" duration-ms="12297">
      <class name="TestFlipkart">
        <test-method is-config="true" signature="beforeClass()[pri:0, instance:TestFlipkart@78b66d36]" started-at="2025-12-27T00:45:18 IST" name="beforeClass" finished-at="2025-12-27T00:45:30 IST" duration-ms="11940" status="PASS">
          <reporter-output>
          </reporter-output>
        </test-method> <!-- beforeClass -->
        <test-method signature="test()[pri:0, instance:TestFlipkart@78b66d36]" started-at="2025-12-27T00:45:30 IST" name="test" finished-at="2025-12-27T00:45:30 IST" duration-ms="4" status="PASS">
          <reporter-output>
          </reporter-output>
        </test-method> <!-- test -->
        <test-method is-config="true" signature="afterClass()[pri:0, instance:TestFlipkart@78b66d36]" started-at="2025-12-27T00:45:30 IST" name="afterClass" finished-at="2025-12-27T00:45:30 IST" duration-ms="322" status="PASS">
          <reporter-output>
          </reporter-output>
        </test-method> <!-- afterClass -->
      </class> <!-- TestFlipkart -->
    </test> <!-- Flipkart Tests -->
  </suite> <!-- Flipkart Test Suite -->
</testng-results>
