<?xml version="1.0" encoding="UTF-8"?>
<!-- Generated by org.testng.reporters.JUnitXMLReporter -->
<testsuite ignored="0" hostname="codespaces-f60591" failures="1" tests="2" name="Surefire test" time="4.042" errors="0" timestamp="2026-02-11T12:35:44 UTC">
  <testcase classname="io.cucumber.testng.AbstractTestNGCucumberTests" name="runScenario" time="3.083"/>
  <testcase classname="io.cucumber.testng.AbstractTestNGCucumberTests" name="runScenario" time="0.417">
    <failure type="io.cucumber.testng.UndefinedStepException" message="The step &amp;apos;I access the WeDriver University Contact Us Page&amp;apos; is undefined.
You can implement this step using the snippet(s) below:

@Given(&amp;quot;I access the WeDriver University Contact Us Page&amp;quot;)
public void i_access_the_we_driver_university_contact_us_page() {
    // Write code here that turns the phrase above into concrete actions
    throw new io.cucumber.java.PendingException();
}
">
      <![CDATA[io.cucumber.testng.UndefinedStepException: The step 'I access the WeDriver University Contact Us Page' is undefined.
You can implement this step using the snippet(s) below:

@Given("I access the WeDriver University Contact Us Page")
public void i_access_the_we_driver_university_contact_us_page() {
    // Write code here that turns the phrase above into concrete actions
    throw new io.cucumber.java.PendingException();
}

at ✽.I access the WeDriver University Contact Us Page(file:///workspaces/Projects/Project_new/Projects_new/UdemayProject/udemy/src/test/resources/features/Contact_Us_.feature:13)
]]>
    </failure>
  </testcase> <!-- runScenario -->
</testsuite> <!-- Surefire test -->
