<?xml version="1.0" encoding="UTF-8"?>
<!-- Generated by org.testng.reporters.JUnitXMLReporter -->
<testsuite ignored="0" hostname="ZTLW-36" failures="3" tests="3" name="Surefire test" time="35.183" errors="0" timestamp="2026-03-10T18:21:37 IST">
  <testcase classname="io.cucumber.testng.AbstractTestNGCucumberTests" name="runScenario" time="13.516">
    <failure type="io.cucumber.testng.UndefinedStepException" message="The step &amp;apos;I enter a email anonymoususer01@email.com&amp;apos; is undefined.
You can implement this step using the snippet(s) below:

@When(&amp;quot;I enter a email anonymoususer01@email.com&amp;quot;)
public void i_enter_a_email_anonymoususer01_email_com() {
    // Write code here that turns the phrase above into concrete actions
    throw new io.cucumber.java.PendingException();
}
">
      <![CDATA[io.cucumber.testng.UndefinedStepException: The step 'I enter a email anonymoususer01@email.com' is undefined.
You can implement this step using the snippet(s) below:

@When("I enter a email anonymoususer01@email.com")
public void i_enter_a_email_anonymoususer01_email_com() {
    // Write code here that turns the phrase above into concrete actions
    throw new io.cucumber.java.PendingException();
}

at ✽.I enter a email anonymoususer01@email.com(file:///C:/Users/tejas/Project/Project_new/Projects_new/UdemayProject/udemy/src/test/resources/features/Contact_Us_.feature:10)
]]>
    </failure>
  </testcase> <!-- runScenario -->
  <testcase classname="io.cucumber.testng.AbstractTestNGCucumberTests" name="runScenario" time="10.659">
    <failure type="io.cucumber.testng.UndefinedStepException" message="The step &amp;apos;I enter a email anonymoususer02@email.com&amp;apos; is undefined.
You can implement this step using the snippet(s) below:

@When(&amp;quot;I enter a email anonymoususer02@email.com&amp;quot;)
public void i_enter_a_email_anonymoususer02_email_com() {
    // Write code here that turns the phrase above into concrete actions
    throw new io.cucumber.java.PendingException();
}
">
      <![CDATA[io.cucumber.testng.UndefinedStepException: The step 'I enter a email anonymoususer02@email.com' is undefined.
You can implement this step using the snippet(s) below:

@When("I enter a email anonymoususer02@email.com")
public void i_enter_a_email_anonymoususer02_email_com() {
    // Write code here that turns the phrase above into concrete actions
    throw new io.cucumber.java.PendingException();
}

at ✽.I enter a email anonymoususer02@email.com(file:///C:/Users/tejas/Project/Project_new/Projects_new/UdemayProject/udemy/src/test/resources/features/Contact_Us_.feature:10)
]]>
    </failure>
  </testcase> <!-- runScenario -->
  <testcase classname="io.cucumber.testng.AbstractTestNGCucumberTests" name="runScenario" time="10.35">
    <failure type="io.cucumber.testng.UndefinedStepException" message="The step &amp;apos;I enter a email anonymoususer03@email.com&amp;apos; is undefined.
You can implement this step using the snippet(s) below:

@When(&amp;quot;I enter a email anonymoususer03@email.com&amp;quot;)
public void i_enter_a_email_anonymoususer03_email_com() {
    // Write code here that turns the phrase above into concrete actions
    throw new io.cucumber.java.PendingException();
}
">
      <![CDATA[io.cucumber.testng.UndefinedStepException: The step 'I enter a email anonymoususer03@email.com' is undefined.
You can implement this step using the snippet(s) below:

@When("I enter a email anonymoususer03@email.com")
public void i_enter_a_email_anonymoususer03_email_com() {
    // Write code here that turns the phrase above into concrete actions
    throw new io.cucumber.java.PendingException();
}

at ✽.I enter a email anonymoususer03@email.com(file:///C:/Users/tejas/Project/Project_new/Projects_new/UdemayProject/udemy/src/test/resources/features/Contact_Us_.feature:10)
]]>
    </failure>
  </testcase> <!-- runScenario -->
</testsuite> <!-- Surefire test -->
