-------------------------------------------------------------------------------
Test set: runners.TestRunner
-------------------------------------------------------------------------------
Tests run: 3, Failures: 3, Errors: 0, Skipped: 0, Time elapsed: 35.70 s <<< FAILURE! -- in runners.TestRunner
runners.TestRunner.runScenario["Validate Successful Submission", "WebDriver University Contact Us Page"](1) -- Time elapsed: 13.52 s <<< FAILURE!
io.cucumber.testng.UndefinedStepException: 
The step 'I enter a email anonymoususer01@email.com' is undefined.
You can implement this step using the snippet(s) below:

@When("I enter a email anonymoususer01@email.com")
public void i_enter_a_email_anonymoususer01_email_com() {
    // Write code here that turns the phrase above into concrete actions
    throw new io.cucumber.java.PendingException();
}

	at ✽.I enter a email anonymoususer01@email.com(file:///C:/Users/tejas/Project/Project_new/Projects_new/UdemayProject/udemy/src/test/resources/features/Contact_Us_.feature:10)

runners.TestRunner.runScenario["Validate Successful Submission", "WebDriver University Contact Us Page"](2) -- Time elapsed: 10.65 s <<< FAILURE!
io.cucumber.testng.UndefinedStepException: 
The step 'I enter a email anonymoususer02@email.com' is undefined.
You can implement this step using the snippet(s) below:

@When("I enter a email anonymoususer02@email.com")
public void i_enter_a_email_anonymoususer02_email_com() {
    // Write code here that turns the phrase above into concrete actions
    throw new io.cucumber.java.PendingException();
}

	at ✽.I enter a email anonymoususer02@email.com(file:///C:/Users/tejas/Project/Project_new/Projects_new/UdemayProject/udemy/src/test/resources/features/Contact_Us_.feature:10)

runners.TestRunner.runScenario["Validate Successful Submission", "WebDriver University Contact Us Page"](3) -- Time elapsed: 10.35 s <<< FAILURE!
io.cucumber.testng.UndefinedStepException: 
The step 'I enter a email anonymoususer03@email.com' is undefined.
You can implement this step using the snippet(s) below:

@When("I enter a email anonymoususer03@email.com")
public void i_enter_a_email_anonymoususer03_email_com() {
    // Write code here that turns the phrase above into concrete actions
    throw new io.cucumber.java.PendingException();
}

	at ✽.I enter a email anonymoususer03@email.com(file:///C:/Users/tejas/Project/Project_new/Projects_new/UdemayProject/udemy/src/test/resources/features/Contact_Us_.feature:10)

