-------------------------------------------------------------------------------
Test set: runners.TestRunner
-------------------------------------------------------------------------------
Tests run: 3, Failures: 3, Errors: 0, Skipped: 0, Time elapsed: 12.97 s <<< FAILURE! -- in runners.TestRunner
runners.TestRunner.runScenario["Validate Successful Submission", "WebDriver University Contact Us Page"](1) -- Time elapsed: 4.960 s <<< FAILURE!
java.lang.NullPointerException: Cannot invoke "org.openqa.selenium.WebDriver.get(String)" because "this.driver" is null
	at stepdefinitions.StepDefinitions.i_access_the_WebDriver_University_Contact_Us_Page(StepDefinitions.java:31)
	at ✽.I access the WebDriver University Contact Us Page(file:///C:/Users/tejas/Project/Project_new/Projects_new/UdemayProject/udemy/src/test/resources/features/Contact_Us_.feature:5)

runners.TestRunner.runScenario["Validate Successful Submission", "WebDriver University Contact Us Page"](2) -- Time elapsed: 3.320 s <<< FAILURE!
java.lang.NullPointerException: Cannot invoke "org.openqa.selenium.WebDriver.get(String)" because "this.driver" is null
	at stepdefinitions.StepDefinitions.i_access_the_WebDriver_University_Contact_Us_Page(StepDefinitions.java:31)
	at ✽.I access the WebDriver University Contact Us Page(file:///C:/Users/tejas/Project/Project_new/Projects_new/UdemayProject/udemy/src/test/resources/features/Contact_Us_.feature:5)

runners.TestRunner.runScenario["Validate Successful Submission", "WebDriver University Contact Us Page"](3) -- Time elapsed: 2.946 s <<< FAILURE!
java.lang.NullPointerException: Cannot invoke "org.openqa.selenium.WebDriver.get(String)" because "this.driver" is null
	at stepdefinitions.StepDefinitions.i_access_the_WebDriver_University_Contact_Us_Page(StepDefinitions.java:31)
	at ✽.I access the WebDriver University Contact Us Page(file:///C:/Users/tejas/Project/Project_new/Projects_new/UdemayProject/udemy/src/test/resources/features/Contact_Us_.feature:5)

