<?xml version="1.0" encoding="UTF-8"?>
<testsuite xmlns:xsi="http://www.w3.org/2001/XMLSchema-instance" xsi:noNamespaceSchemaLocation="https://maven.apache.org/surefire/maven-surefire-plugin/xsd/surefire-test-report-3.0.xsd" version="3.0" name="runners.TestRunner" time="13.573" tests="2" errors="0" skipped="0" failures="0">
  <properties>
[...]
</properties>
  <testcase name="runScenario[&quot;Validate Successful Submission - Unique Data&quot;, &quot;WebDriver University Contact Us Page&quot;](1)" classname="runners.TestRunner" time="6.619">
    <system-out><![CDATA[
@contact_us
Scenario: Validate Successful Submission - Unique Data              # src/test/resources/features/Contact_Us_.feature:4
  ✔ Given I access the WebDriver University Contact Us Page         # stepdefinitions.StepDefinitions.i_access_the_WebDriver_University_Contact_Us_Page()
  ✔ When I enter a unique first name                                # stepdefinitions.StepDefinitions.i_enter_a_unique_first_name()
  ✔ And I enter a unique last name                                  # stepdefinitions.StepDefinitions.i_enter_a_unique_last_name()
  ✔ And I enter a unique email address                              # stepdefinitions.StepDefinitions.i_enter_a_unique_email_address()
  ✔ And I enter a unique comment                                    # stepdefinitions.StepDefinitions.i_enter_a_unique_comment()
  ✔ And I click on the submit button                                # stepdefinitions.StepDefinitions.i_click_on_the_submit_button()
  ✔ Then I should be presented with a successful submission message # stepdefinitions.StepDefinitions.i_should_be_presented_with_a_successful_submission_message()
]]></system-out>
    <system-err><![CDATA[SLF4J(W): No SLF4J providers were found.
SLF4J(W): Defaulting to no-operation (NOP) logger implementation
SLF4J(W): See https://www.slf4j.org/codes.html#noProviders for further details.
Feb 18, 2026 10:57:15 PM org.openqa.selenium.devtools.CdpVersionFinder findNearestMatch
WARNING: Unable to find an exact match for CDP version 145, returning the closest version; found: 144; Please update to a Selenium version that supports CDP version 145
Feb 18, 2026 10:57:16 PM org.openqa.selenium.devtools.CdpVersionFinder findNearestMatch
WARNING: Unable to find an exact match for CDP version 145, returning the closest version; found: 144; Please update to a Selenium version that supports CDP version 145
]]></system-err>
  </testcase>
  <testcase name="runScenario[&quot;Validate Successful Submission - Specific Data&quot;, &quot;WebDriver University Contact Us Page&quot;](2)" classname="runners.TestRunner" time="5.813">
    <system-out><![CDATA[
@contact_us
Scenario: Validate Successful Submission - Specific Data            # src/test/resources/features/Contact_Us_.feature:13
  ✔ Given I access the WebDriver University Contact Us Page         # stepdefinitions.StepDefinitions.i_access_the_WebDriver_University_Contact_Us_Page()
  ✔ When I enter a specific first name John                         # stepdefinitions.StepDefinitions.i_enter_a_specific_first_name_john(java.lang.String)
  ✔ And I enter a specific last name Doe                            # stepdefinitions.StepDefinitions.i_enter_a_specific_last_name_doe(java.lang.String)
  ✔ And I enter a specific email address johndoe11@gmail.com        # stepdefinitions.StepDefinitions.i_enter_a_specific_email_address(java.lang.String)
  ✔ And I enter a specific comment "This is john doe's comment."    # stepdefinitions.StepDefinitions.i_enter_a_specific_comment(java.lang.String)
  ✔ And I click on the submit button                                # stepdefinitions.StepDefinitions.i_click_on_the_submit_button()
  ✔ Then I should be presented with a successful submission message # stepdefinitions.StepDefinitions.i_should_be_presented_with_a_successful_submission_message()
]]></system-out>
    <system-err><![CDATA[Feb 18, 2026 10:57:21 PM org.openqa.selenium.devtools.CdpVersionFinder findNearestMatch
WARNING: Unable to find an exact match for CDP version 145, returning the closest version; found: 144; Please update to a Selenium version that supports CDP version 145
Feb 18, 2026 10:57:22 PM org.openqa.selenium.devtools.CdpVersionFinder findNearestMatch
WARNING: Unable to find an exact match for CDP version 145, returning the closest version; found: 144; Please update to a Selenium version that supports CDP version 145
]]></system-err>
  </testcase>
</testsuite>