<?xml version="1.0" encoding="UTF-8"?>
<testsuite xmlns:xsi="http://www.w3.org/2001/XMLSchema-instance" xsi:noNamespaceSchemaLocation="https://maven.apache.org/surefire/maven-surefire-plugin/xsd/surefire-test-report-3.0.xsd" version="3.0" name="runners.TestRunner" time="27.027" tests="6" errors="0" skipped="0" failures="3">
  <properties>
[...]
</properties>
  <testcase name="runScenario[&quot;Validate Successful Submission&quot;, &quot;WebDriver University Contact Us Page&quot;](1)" classname="runners.TestRunner" time="22.631">
    <failure message="no such element: Unable to locate element: {&quot;method&quot;:&quot;css selector&quot;,&quot;selector&quot;:&quot;*[name=&apos;first_name666&apos;]&quot;}&#10;  (Session info: chrome=145.0.7632.160)&#10;For documentation on this error, please visit: https://www.selenium.dev/documentation/webdriver/troubleshooting/errors#nosuchelementexception&#10;Build info: version: &apos;4.40.0&apos;, revision: &apos;b3333f1&apos;&#10;System info: os.name: &apos;Windows 11&apos;, os.arch: &apos;amd64&apos;, os.version: &apos;10.0&apos;, java.version: &apos;21.0.10&apos;&#10;Driver info: org.openqa.selenium.chrome.ChromeDriver&#10;Command: [afdeea287f4fa7e435d4f7b097966687, findElement {value=first_name666, using=name}]&#10;Capabilities {acceptInsecureCerts: false, browserName: chrome, browserVersion: 145.0.7632.160, chrome: {chromedriverVersion: 145.0.7632.117 (de4e5d6e13b..., userDataDir: C:\Users\tejas\AppData\Loca...}, fedcm:accounts: true, goog:chromeOptions: {debuggerAddress: localhost:58024}, goog:processID: 41196, networkConnectionEnabled: false, pageLoadStrategy: normal, platformName: windows, proxy: Proxy(), se:cdp: ws://localhost:58024/devtoo..., se:cdpVersion: 145.0.7632.160, setWindowRect: true, strictFileInteractability: false, timeouts: {implicit: 0, pageLoad: 300000, script: 30000}, unhandledPromptBehavior: dismiss and notify, webauthn:extension:credBlob: true, webauthn:extension:largeBlob: true, webauthn:extension:minPinLength: true, webauthn:extension:prf: true, webauthn:virtualAuthenticators: true}&#10;Session ID: afdeea287f4fa7e435d4f7b097966687" type="org.openqa.selenium.NoSuchElementException"><![CDATA[org.openqa.selenium.NoSuchElementException: 
no such element: Unable to locate element: {"method":"css selector","selector":"*[name='first_name666']"}
  (Session info: chrome=145.0.7632.160)
For documentation on this error, please visit: https://www.selenium.dev/documentation/webdriver/troubleshooting/errors#nosuchelementexception
Build info: version: '4.40.0', revision: 'b3333f1'
System info: os.name: 'Windows 11', os.arch: 'amd64', os.version: '10.0', java.version: '21.0.10'
Driver info: org.openqa.selenium.chrome.ChromeDriver
Command: [afdeea287f4fa7e435d4f7b097966687, findElement {value=first_name666, using=name}]
Capabilities {acceptInsecureCerts: false, browserName: chrome, browserVersion: 145.0.7632.160, chrome: {chromedriverVersion: 145.0.7632.117 (de4e5d6e13b..., userDataDir: C:\Users\tejas\AppData\Loca...}, fedcm:accounts: true, goog:chromeOptions: {debuggerAddress: localhost:58024}, goog:processID: 41196, networkConnectionEnabled: false, pageLoadStrategy: normal, platformName: windows, proxy: Proxy(), se:cdp: ws://localhost:58024/devtoo..., se:cdpVersion: 145.0.7632.160, setWindowRect: true, strictFileInteractability: false, timeouts: {implicit: 0, pageLoad: 300000, script: 30000}, unhandledPromptBehavior: dismiss and notify, webauthn:extension:credBlob: true, webauthn:extension:largeBlob: true, webauthn:extension:minPinLength: true, webauthn:extension:prf: true, webauthn:virtualAuthenticators: true}
Session ID: afdeea287f4fa7e435d4f7b097966687
	at org.openqa.selenium.remote.ErrorCodec.decode(ErrorCodec.java:169)
	at org.openqa.selenium.remote.codec.w3c.W3CHttpResponseCodec.decode(W3CHttpResponseCodec.java:142)
	at org.openqa.selenium.remote.codec.w3c.W3CHttpResponseCodec.decode(W3CHttpResponseCodec.java:49)
	at org.openqa.selenium.remote.HttpCommandExecutor.execute(HttpCommandExecutor.java:223)
	at org.openqa.selenium.remote.service.DriverCommandExecutor.invokeExecute(DriverCommandExecutor.java:216)
	at org.openqa.selenium.remote.service.DriverCommandExecutor.execute(DriverCommandExecutor.java:174)
	at org.openqa.selenium.remote.RemoteWebDriver.execute(RemoteWebDriver.java:601)
	at org.openqa.selenium.remote.ElementLocation$ElementFinder$2.findElement(ElementLocation.java:166)
	at org.openqa.selenium.remote.ElementLocation.findElement(ElementLocation.java:67)
	at org.openqa.selenium.remote.RemoteWebDriver.findElement(RemoteWebDriver.java:424)
	at org.openqa.selenium.remote.RemoteWebDriver.findElement(RemoteWebDriver.java:418)
	at stepdefinitions.StepDefinitions.i_enter_a_first_name(StepDefinitions.java:37)
	at ✽.I enter a firstname anonymous(file:///C:/Users/tejas/Project/Project_new/Projects_new/UdemayProject/udemy/src/test/resources/features/Contact_Us_.feature:8)
]]></failure>
    <system-out><![CDATA[
@contact_us @regression
Scenario Outline: Validate Successful Submission                                       # src/test/resources/features/Contact_Us_.feature:18

@login_page @regression
Scenario Outline: Validate Successful login with valid username and password # src/test/resources/features/Login_Page.feature:16

@login_page @regression
Scenario Outline: Validate Successful login with valid username and password # src/test/resources/features/Login_Page.feature:17

@contact_us @regression
Scenario Outline: Validate Successful Submission                                       # src/test/resources/features/Contact_Us_.feature:17

@contact_us @regression
Scenario Outline: Validate Successful Submission                                       # src/test/resources/features/Contact_Us_.feature:19

@login_page @regression
Scenario Outline: Validate Successful login with valid username and password  # src/test/resources/features/Login_Page.feature:15
  ✔ Given I access the WebDriver University Contact Us Page                            # stepdefinitions.StepDefinitions.i_access_the_WebDriver_University_Contact_Us_Page()
  ✔ Given I access the WebDriver University login Page                       # stepdefinitions.Login_Steps.i_access_the_webdriver_university_login_page()
  ✔ Given I access the WebDriver University login Page                        # stepdefinitions.Login_Steps.i_access_the_webdriver_university_login_page()
  ✔ Given I access the WebDriver University login Page                       # stepdefinitions.Login_Steps.i_access_the_webdriver_university_login_page()
  ✔ Given I access the WebDriver University Contact Us Page                            # stepdefinitions.StepDefinitions.i_access_the_WebDriver_University_Contact_Us_Page()
  ✔ Given I access the WebDriver University Contact Us Page                            # stepdefinitions.StepDefinitions.i_access_the_WebDriver_University_Contact_Us_Page()
  ✘ When I enter a firstname anonymous                                                 # stepdefinitions.StepDefinitions.i_enter_a_first_name(java.lang.String)
        org.openqa.selenium.NoSuchElementException: no such element: Unable to locate element: {"method":"css selector","selector":"*[name='first_name666']"}
          (Session info: chrome=145.0.7632.160)
        For documentation on this error, please visit: https://www.selenium.dev/documentation/webdriver/troubleshooting/errors#nosuchelementexception
        Build info: version: '4.40.0', revision: 'b3333f1'
        System info: os.name: 'Windows 11', os.arch: 'amd64', os.version: '10.0', java.version: '21.0.10'
        Driver info: org.openqa.selenium.chrome.ChromeDriver
        Command: [afdeea287f4fa7e435d4f7b097966687, findElement {value=first_name666, using=name}]
        Capabilities {acceptInsecureCerts: false, browserName: chrome, browserVersion: 145.0.7632.160, chrome: {chromedriverVersion: 145.0.7632.117 (de4e5d6e13b..., userDataDir: C:\Users\tejas\AppData\Loca...}, fedcm:accounts: true, goog:chromeOptions: {debuggerAddress: localhost:58024}, goog:processID: 41196, networkConnectionEnabled: false, pageLoadStrategy: normal, platformName: windows, proxy: Proxy(), se:cdp: ws://localhost:58024/devtoo..., se:cdpVersion: 145.0.7632.160, setWindowRect: true, strictFileInteractability: false, timeouts: {implicit: 0, pageLoad: 300000, script: 30000}, unhandledPromptBehavior: dismiss and notify, webauthn:extension:credBlob: true, webauthn:extension:largeBlob: true, webauthn:extension:minPinLength: true, webauthn:extension:prf: true, webauthn:virtualAuthenticators: true}
        Session ID: afdeea287f4fa7e435d4f7b097966687
        	at org.openqa.selenium.remote.ErrorCodec.decode(ErrorCodec.java:169)
        	at org.openqa.selenium.remote.codec.w3c.W3CHttpResponseCodec.decode(W3CHttpResponseCodec.java:142)
        	at org.openqa.selenium.remote.codec.w3c.W3CHttpResponseCodec.decode(W3CHttpResponseCodec.java:49)
        	at org.openqa.selenium.remote.HttpCommandExecutor.execute(HttpCommandExecutor.java:223)
        	at org.openqa.selenium.remote.service.DriverCommandExecutor.invokeExecute(DriverCommandExecutor.java:216)
        	at org.openqa.selenium.remote.service.DriverCommandExecutor.execute(DriverCommandExecutor.java:174)
        	at org.openqa.selenium.remote.RemoteWebDriver.execute(RemoteWebDriver.java:601)
        	at org.openqa.selenium.remote.ElementLocation$ElementFinder$2.findElement(ElementLocation.java:166)
        	at org.openqa.selenium.remote.ElementLocation.findElement(ElementLocation.java:67)
        	at org.openqa.selenium.remote.RemoteWebDriver.findElement(RemoteWebDriver.java:424)
        	at org.openqa.selenium.remote.RemoteWebDriver.findElement(RemoteWebDriver.java:418)
        	at stepdefinitions.StepDefinitions.i_enter_a_first_name(StepDefinitions.java:37)
        	at ✽.I enter a firstname anonymous(file:///C:/Users/tejas/Project/Project_new/Projects_new/UdemayProject/udemy/src/test/resources/features/Contact_Us_.feature:8)

        Embedding 1774442133833 [image/png 19956 bytes]

  ↷ And I enter a lastname user03                                                      # stepdefinitions.StepDefinitions.i_enter_a_last_name(java.lang.String)
  ↷ And I enter an email address "anonymoususer03@email.com"                           # stepdefinitions.StepDefinitions.i_enter_an_email_address(java.lang.String)
  ↷ And I enter a comment "anonymous user 03 commented"                                # stepdefinitions.StepDefinitions.i_enter_a_comment(java.lang.String)
  ↷ And I click on the submit button                                                   # stepdefinitions.StepDefinitions.i_click_on_the_submit_button()
  ↷ Then I should be presented with a submission message "Thank You for your Message!" # stepdefinitions.StepDefinitions.i_should_be_presented_with_a_submission_message(java.lang.String)
  ✔ When I enter a username "webdriver"                                      # stepdefinitions.Login_Steps.i_enter_a_username(java.lang.String)
  ✔ When I enter a username "webdriver"                                       # stepdefinitions.Login_Steps.i_enter_a_username(java.lang.String)
  ✔ And I enter a password "webdriver"                                       # stepdefinitions.Login_Steps.i_enter_a_password(java.lang.String)
  ✔ When I enter a username "anonymus"                                       # stepdefinitions.Login_Steps.i_enter_a_username(java.lang.String)
  ✔ And I click on the Login button                                          # stepdefinitions.Login_Steps.i_click_on_the_login_button()
  ✔ Then I should be presented with validation message "validation failed"   # stepdefinitions.Login_Steps.i_should_be_presented_with_validation_message(java.lang.String)
  ✔ And I enter a password "webdriver123"                                     # stepdefinitions.Login_Steps.i_enter_a_password(java.lang.String)
  ✔ And I enter a password "webdriver"                                       # stepdefinitions.Login_Steps.i_enter_a_password(java.lang.String)
  ✘ When I enter a firstname anonymous                                                 # stepdefinitions.StepDefinitions.i_enter_a_first_name(java.lang.String)
        org.openqa.selenium.NoSuchElementException: no such element: Unable to locate element: {"method":"css selector","selector":"*[name='first_name666']"}
          (Session info: chrome=145.0.7632.160)
        For documentation on this error, please visit: https://www.selenium.dev/documentation/webdriver/troubleshooting/errors#nosuchelementexception
        Build info: version: '4.40.0', revision: 'b3333f1'
        System info: os.name: 'Windows 11', os.arch: 'amd64', os.version: '10.0', java.version: '21.0.10'
        Driver info: org.openqa.selenium.chrome.ChromeDriver
        Command: [0b8513275577269085079a5340568679, findElement {value=first_name666, using=name}]
        Capabilities {acceptInsecureCerts: false, browserName: chrome, browserVersion: 145.0.7632.160, chrome: {chromedriverVersion: 145.0.7632.117 (de4e5d6e13b..., userDataDir: C:\Users\tejas\AppData\Loca...}, fedcm:accounts: true, goog:chromeOptions: {debuggerAddress: localhost:50898}, goog:processID: 3780, networkConnectionEnabled: false, pageLoadStrategy: normal, platformName: windows, proxy: Proxy(), se:cdp: ws://localhost:50898/devtoo..., se:cdpVersion: 145.0.7632.160, setWindowRect: true, strictFileInteractability: false, timeouts: {implicit: 0, pageLoad: 300000, script: 30000}, unhandledPromptBehavior: dismiss and notify, webauthn:extension:credBlob: true, webauthn:extension:largeBlob: true, webauthn:extension:minPinLength: true, webauthn:extension:prf: true, webauthn:virtualAuthenticators: true}
        Session ID: 0b8513275577269085079a5340568679
        	at org.openqa.selenium.remote.ErrorCodec.decode(ErrorCodec.java:169)
        	at org.openqa.selenium.remote.codec.w3c.W3CHttpResponseCodec.decode(W3CHttpResponseCodec.java:142)
        	at org.openqa.selenium.remote.codec.w3c.W3CHttpResponseCodec.decode(W3CHttpResponseCodec.java:49)
        	at org.openqa.selenium.remote.HttpCommandExecutor.execute(HttpCommandExecutor.java:223)
        	at org.openqa.selenium.remote.service.DriverCommandExecutor.invokeExecute(DriverCommandExecutor.java:216)
        	at org.openqa.selenium.remote.service.DriverCommandExecutor.execute(DriverCommandExecutor.java:174)
        	at org.openqa.selenium.remote.RemoteWebDriver.execute(RemoteWebDriver.java:601)
        	at org.openqa.selenium.remote.ElementLocation$ElementFinder$2.findElement(ElementLocation.java:166)
        	at org.openqa.selenium.remote.ElementLocation.findElement(ElementLocation.java:67)
        	at org.openqa.selenium.remote.RemoteWebDriver.findElement(RemoteWebDriver.java:424)
        	at org.openqa.selenium.remote.RemoteWebDriver.findElement(RemoteWebDriver.java:418)
        	at stepdefinitions.StepDefinitions.i_enter_a_first_name(StepDefinitions.java:37)
        	at ✽.I enter a firstname anonymous(file:///C:/Users/tejas/Project/Project_new/Projects_new/UdemayProject/udemy/src/test/resources/features/Contact_Us_.feature:8)
  ✘ When I enter a firstname anonymous                                                 # stepdefinitions.StepDefinitions.i_enter_a_first_name(java.lang.String)
        org.openqa.selenium.NoSuchElementException: no such element: Unable to locate element: {"method":"css selector","selector":"*[name='first_name666']"}
          (Session info: chrome=145.0.7632.160)
        For documentation on this error, please visit: https://www.selenium.dev/documentation/webdriver/troubleshooting/errors#nosuchelementexception
        Build info: version: '4.40.0', revision: 'b3333f1'
        System info: os.name: 'Windows 11', os.arch: 'amd64', os.version: '10.0', java.version: '21.0.10'
        Driver info: org.openqa.selenium.chrome.ChromeDriver
        Command: [91c5113c97e451e91d8dfc6aa9af1afb, findElement {value=first_name666, using=name}]
        Capabilities {acceptInsecureCerts: false, browserName: chrome, browserVersion: 145.0.7632.160, chrome: {chromedriverVersion: 145.0.7632.117 (de4e5d6e13b..., userDataDir: C:\Users\tejas\AppData\Loca...}, fedcm:accounts: true, goog:chromeOptions: {debuggerAddress: localhost:64178}, goog:processID: 34692, networkConnectionEnabled: false, pageLoadStrategy: normal, platformName: windows, proxy: Proxy(), se:cdp: ws://localhost:64178/devtoo..., se:cdpVersion: 145.0.7632.160, setWindowRect: true, strictFileInteractability: false, timeouts: {implicit: 0, pageLoad: 300000, script: 30000}, unhandledPromptBehavior: dismiss and notify, webauthn:extension:credBlob: true, webauthn:extension:largeBlob: true, webauthn:extension:minPinLength: true, webauthn:extension:prf: true, webauthn:virtualAuthenticators: true}
        Session ID: 91c5113c97e451e91d8dfc6aa9af1afb
        	at org.openqa.selenium.remote.ErrorCodec.decode(ErrorCodec.java:169)
        	at org.openqa.selenium.remote.codec.w3c.W3CHttpResponseCodec.decode(W3CHttpResponseCodec.java:142)
        	at org.openqa.selenium.remote.codec.w3c.W3CHttpResponseCodec.decode(W3CHttpResponseCodec.java:49)
        	at org.openqa.selenium.remote.HttpCommandExecutor.execute(HttpCommandExecutor.java:223)
        	at org.openqa.selenium.remote.service.DriverCommandExecutor.invokeExecute(DriverCommandExecutor.java:216)
        	at org.openqa.selenium.remote.service.DriverCommandExecutor.execute(DriverCommandExecutor.java:174)
        	at org.openqa.selenium.remote.RemoteWebDriver.execute(RemoteWebDriver.java:601)
        	at org.openqa.selenium.remote.ElementLocation$ElementFinder$2.findElement(ElementLocation.java:166)
        	at org.openqa.selenium.remote.ElementLocation.findElement(ElementLocation.java:67)
        	at org.openqa.selenium.remote.RemoteWebDriver.findElement(RemoteWebDriver.java:424)
        	at org.openqa.selenium.remote.RemoteWebDriver.findElement(RemoteWebDriver.java:418)
        	at stepdefinitions.StepDefinitions.i_enter_a_first_name(StepDefinitions.java:37)
        	at ✽.I enter a firstname anonymous(file:///C:/Users/tejas/Project/Project_new/Projects_new/UdemayProject/udemy/src/test/resources/features/Contact_Us_.feature:8)
  ✔ And I click on the Login button                                           # stepdefinitions.Login_Steps.i_click_on_the_login_button()
  ✔ Then I should be presented with validation message "validation succeeded" # stepdefinitions.Login_Steps.i_should_be_presented_with_validation_message(java.lang.String)

        Embedding 1774442135267 [image/png 19956 bytes]


        Embedding 1774442135275 [image/png 19956 bytes]

  ↷ And I enter a lastname user02                                                      # stepdefinitions.StepDefinitions.i_enter_a_last_name(java.lang.String)
  ↷ And I enter a lastname user01                                                      # stepdefinitions.StepDefinitions.i_enter_a_last_name(java.lang.String)
  ↷ And I enter an email address "anonymoususer02@email.com"                           # stepdefinitions.StepDefinitions.i_enter_an_email_address(java.lang.String)
  ↷ And I enter a comment "anonymous user 02 commented"                                # stepdefinitions.StepDefinitions.i_enter_a_comment(java.lang.String)
  ↷ And I click on the submit button                                                   # stepdefinitions.StepDefinitions.i_click_on_the_submit_button()
  ↷ And I enter an email address "anonymoususer01@email.com"                           # stepdefinitions.StepDefinitions.i_enter_an_email_address(java.lang.String)
  ↷ And I enter a comment "anonymous user 01 commented"                                # stepdefinitions.StepDefinitions.i_enter_a_comment(java.lang.String)
  ↷ And I click on the submit button                                                   # stepdefinitions.StepDefinitions.i_click_on_the_submit_button()
  ↷ Then I should be presented with a submission message "Thank You for your Message!" # stepdefinitions.StepDefinitions.i_should_be_presented_with_a_submission_message(java.lang.String)
  ↷ Then I should be presented with a submission message "Thank You for your Message!" # stepdefinitions.StepDefinitions.i_should_be_presented_with_a_submission_message(java.lang.String)
]]></system-out>
    <system-err><![CDATA[SLF4J(W): No SLF4J providers were found.
SLF4J(W): Defaulting to no-operation (NOP) logger implementation
SLF4J(W): See https://www.slf4j.org/codes.html#noProviders for further details.
Mar 25, 2026 6:05:26 PM org.openqa.selenium.devtools.CdpVersionFinder findNearestMatch
WARNING: Unable to find an exact match for CDP version 145, returning the closest version; found: 144; Please update to a Selenium version that supports CDP version 145
Mar 25, 2026 6:05:27 PM org.openqa.selenium.devtools.CdpVersionFinder findNearestMatch
WARNING: Unable to find an exact match for CDP version 145, returning the closest version; found: 144; Please update to a Selenium version that supports CDP version 145
Mar 25, 2026 6:05:28 PM org.openqa.selenium.devtools.CdpVersionFinder findNearestMatch
WARNING: Unable to find an exact match for CDP version 145, returning the closest version; found: 144; Please update to a Selenium version that supports CDP version 145
Mar 25, 2026 6:05:28 PM org.openqa.selenium.devtools.CdpVersionFinder findNearestMatch
WARNING: Unable to find an exact match for CDP version 145, returning the closest version; found: 144; Please update to a Selenium version that supports CDP version 145
Mar 25, 2026 6:05:29 PM org.openqa.selenium.devtools.CdpVersionFinder findNearestMatch
WARNING: Unable to find an exact match for CDP version 145, returning the closest version; found: 144; Please update to a Selenium version that supports CDP version 145
Mar 25, 2026 6:05:29 PM org.openqa.selenium.devtools.CdpVersionFinder findNearestMatch
WARNING: Unable to find an exact match for CDP version 145, returning the closest version; found: 144; Please update to a Selenium version that supports CDP version 145
]]></system-err>
  </testcase>
  <testcase name="runScenario[&quot;Validate Successful Submission&quot;, &quot;WebDriver University Contact Us Page&quot;](2)" classname="runners.TestRunner" time="24.37">
    <failure message="no such element: Unable to locate element: {&quot;method&quot;:&quot;css selector&quot;,&quot;selector&quot;:&quot;*[name=&apos;first_name666&apos;]&quot;}&#10;  (Session info: chrome=145.0.7632.160)&#10;For documentation on this error, please visit: https://www.selenium.dev/documentation/webdriver/troubleshooting/errors#nosuchelementexception&#10;Build info: version: &apos;4.40.0&apos;, revision: &apos;b3333f1&apos;&#10;System info: os.name: &apos;Windows 11&apos;, os.arch: &apos;amd64&apos;, os.version: &apos;10.0&apos;, java.version: &apos;21.0.10&apos;&#10;Driver info: org.openqa.selenium.chrome.ChromeDriver&#10;Command: [0b8513275577269085079a5340568679, findElement {value=first_name666, using=name}]&#10;Capabilities {acceptInsecureCerts: false, browserName: chrome, browserVersion: 145.0.7632.160, chrome: {chromedriverVersion: 145.0.7632.117 (de4e5d6e13b..., userDataDir: C:\Users\tejas\AppData\Loca...}, fedcm:accounts: true, goog:chromeOptions: {debuggerAddress: localhost:50898}, goog:processID: 3780, networkConnectionEnabled: false, pageLoadStrategy: normal, platformName: windows, proxy: Proxy(), se:cdp: ws://localhost:50898/devtoo..., se:cdpVersion: 145.0.7632.160, setWindowRect: true, strictFileInteractability: false, timeouts: {implicit: 0, pageLoad: 300000, script: 30000}, unhandledPromptBehavior: dismiss and notify, webauthn:extension:credBlob: true, webauthn:extension:largeBlob: true, webauthn:extension:minPinLength: true, webauthn:extension:prf: true, webauthn:virtualAuthenticators: true}&#10;Session ID: 0b8513275577269085079a5340568679" type="org.openqa.selenium.NoSuchElementException"><![CDATA[org.openqa.selenium.NoSuchElementException: 
no such element: Unable to locate element: {"method":"css selector","selector":"*[name='first_name666']"}
  (Session info: chrome=145.0.7632.160)
For documentation on this error, please visit: https://www.selenium.dev/documentation/webdriver/troubleshooting/errors#nosuchelementexception
Build info: version: '4.40.0', revision: 'b3333f1'
System info: os.name: 'Windows 11', os.arch: 'amd64', os.version: '10.0', java.version: '21.0.10'
Driver info: org.openqa.selenium.chrome.ChromeDriver
Command: [0b8513275577269085079a5340568679, findElement {value=first_name666, using=name}]
Capabilities {acceptInsecureCerts: false, browserName: chrome, browserVersion: 145.0.7632.160, chrome: {chromedriverVersion: 145.0.7632.117 (de4e5d6e13b..., userDataDir: C:\Users\tejas\AppData\Loca...}, fedcm:accounts: true, goog:chromeOptions: {debuggerAddress: localhost:50898}, goog:processID: 3780, networkConnectionEnabled: false, pageLoadStrategy: normal, platformName: windows, proxy: Proxy(), se:cdp: ws://localhost:50898/devtoo..., se:cdpVersion: 145.0.7632.160, setWindowRect: true, strictFileInteractability: false, timeouts: {implicit: 0, pageLoad: 300000, script: 30000}, unhandledPromptBehavior: dismiss and notify, webauthn:extension:credBlob: true, webauthn:extension:largeBlob: true, webauthn:extension:minPinLength: true, webauthn:extension:prf: true, webauthn:virtualAuthenticators: true}
Session ID: 0b8513275577269085079a5340568679
	at org.openqa.selenium.remote.ErrorCodec.decode(ErrorCodec.java:169)
	at org.openqa.selenium.remote.codec.w3c.W3CHttpResponseCodec.decode(W3CHttpResponseCodec.java:142)
	at org.openqa.selenium.remote.codec.w3c.W3CHttpResponseCodec.decode(W3CHttpResponseCodec.java:49)
	at org.openqa.selenium.remote.HttpCommandExecutor.execute(HttpCommandExecutor.java:223)
	at org.openqa.selenium.remote.service.DriverCommandExecutor.invokeExecute(DriverCommandExecutor.java:216)
	at org.openqa.selenium.remote.service.DriverCommandExecutor.execute(DriverCommandExecutor.java:174)
	at org.openqa.selenium.remote.RemoteWebDriver.execute(RemoteWebDriver.java:601)
	at org.openqa.selenium.remote.ElementLocation$ElementFinder$2.findElement(ElementLocation.java:166)
	at org.openqa.selenium.remote.ElementLocation.findElement(ElementLocation.java:67)
	at org.openqa.selenium.remote.RemoteWebDriver.findElement(RemoteWebDriver.java:424)
	at org.openqa.selenium.remote.RemoteWebDriver.findElement(RemoteWebDriver.java:418)
	at stepdefinitions.StepDefinitions.i_enter_a_first_name(StepDefinitions.java:37)
	at ✽.I enter a firstname anonymous(file:///C:/Users/tejas/Project/Project_new/Projects_new/UdemayProject/udemy/src/test/resources/features/Contact_Us_.feature:8)
]]></failure>
    <system-out><![CDATA[  ✔ And I click on the Login button                                          # stepdefinitions.Login_Steps.i_click_on_the_login_button()
  ✔ Then I should be presented with validation message "validation failed"   # stepdefinitions.Login_Steps.i_should_be_presented_with_validation_message(java.lang.String)
]]></system-out>
  </testcase>
  <testcase name="runScenario[&quot;Validate Successful login with valid username and password&quot;, &quot;WebDriver University Login Page&quot;](3)" classname="runners.TestRunner" time="24.535"/>
  <testcase name="runScenario[&quot;Validate Successful Submission&quot;, &quot;WebDriver University Contact Us Page&quot;](4)" classname="runners.TestRunner" time="24.804">
    <failure message="no such element: Unable to locate element: {&quot;method&quot;:&quot;css selector&quot;,&quot;selector&quot;:&quot;*[name=&apos;first_name666&apos;]&quot;}&#10;  (Session info: chrome=145.0.7632.160)&#10;For documentation on this error, please visit: https://www.selenium.dev/documentation/webdriver/troubleshooting/errors#nosuchelementexception&#10;Build info: version: &apos;4.40.0&apos;, revision: &apos;b3333f1&apos;&#10;System info: os.name: &apos;Windows 11&apos;, os.arch: &apos;amd64&apos;, os.version: &apos;10.0&apos;, java.version: &apos;21.0.10&apos;&#10;Driver info: org.openqa.selenium.chrome.ChromeDriver&#10;Command: [91c5113c97e451e91d8dfc6aa9af1afb, findElement {value=first_name666, using=name}]&#10;Capabilities {acceptInsecureCerts: false, browserName: chrome, browserVersion: 145.0.7632.160, chrome: {chromedriverVersion: 145.0.7632.117 (de4e5d6e13b..., userDataDir: C:\Users\tejas\AppData\Loca...}, fedcm:accounts: true, goog:chromeOptions: {debuggerAddress: localhost:64178}, goog:processID: 34692, networkConnectionEnabled: false, pageLoadStrategy: normal, platformName: windows, proxy: Proxy(), se:cdp: ws://localhost:64178/devtoo..., se:cdpVersion: 145.0.7632.160, setWindowRect: true, strictFileInteractability: false, timeouts: {implicit: 0, pageLoad: 300000, script: 30000}, unhandledPromptBehavior: dismiss and notify, webauthn:extension:credBlob: true, webauthn:extension:largeBlob: true, webauthn:extension:minPinLength: true, webauthn:extension:prf: true, webauthn:virtualAuthenticators: true}&#10;Session ID: 91c5113c97e451e91d8dfc6aa9af1afb" type="org.openqa.selenium.NoSuchElementException"><![CDATA[org.openqa.selenium.NoSuchElementException: 
no such element: Unable to locate element: {"method":"css selector","selector":"*[name='first_name666']"}
  (Session info: chrome=145.0.7632.160)
For documentation on this error, please visit: https://www.selenium.dev/documentation/webdriver/troubleshooting/errors#nosuchelementexception
Build info: version: '4.40.0', revision: 'b3333f1'
System info: os.name: 'Windows 11', os.arch: 'amd64', os.version: '10.0', java.version: '21.0.10'
Driver info: org.openqa.selenium.chrome.ChromeDriver
Command: [91c5113c97e451e91d8dfc6aa9af1afb, findElement {value=first_name666, using=name}]
Capabilities {acceptInsecureCerts: false, browserName: chrome, browserVersion: 145.0.7632.160, chrome: {chromedriverVersion: 145.0.7632.117 (de4e5d6e13b..., userDataDir: C:\Users\tejas\AppData\Loca...}, fedcm:accounts: true, goog:chromeOptions: {debuggerAddress: localhost:64178}, goog:processID: 34692, networkConnectionEnabled: false, pageLoadStrategy: normal, platformName: windows, proxy: Proxy(), se:cdp: ws://localhost:64178/devtoo..., se:cdpVersion: 145.0.7632.160, setWindowRect: true, strictFileInteractability: false, timeouts: {implicit: 0, pageLoad: 300000, script: 30000}, unhandledPromptBehavior: dismiss and notify, webauthn:extension:credBlob: true, webauthn:extension:largeBlob: true, webauthn:extension:minPinLength: true, webauthn:extension:prf: true, webauthn:virtualAuthenticators: true}
Session ID: 91c5113c97e451e91d8dfc6aa9af1afb
	at org.openqa.selenium.remote.ErrorCodec.decode(ErrorCodec.java:169)
	at org.openqa.selenium.remote.codec.w3c.W3CHttpResponseCodec.decode(W3CHttpResponseCodec.java:142)
	at org.openqa.selenium.remote.codec.w3c.W3CHttpResponseCodec.decode(W3CHttpResponseCodec.java:49)
	at org.openqa.selenium.remote.HttpCommandExecutor.execute(HttpCommandExecutor.java:223)
	at org.openqa.selenium.remote.service.DriverCommandExecutor.invokeExecute(DriverCommandExecutor.java:216)
	at org.openqa.selenium.remote.service.DriverCommandExecutor.execute(DriverCommandExecutor.java:174)
	at org.openqa.selenium.remote.RemoteWebDriver.execute(RemoteWebDriver.java:601)
	at org.openqa.selenium.remote.ElementLocation$ElementFinder$2.findElement(ElementLocation.java:166)
	at org.openqa.selenium.remote.ElementLocation.findElement(ElementLocation.java:67)
	at org.openqa.selenium.remote.RemoteWebDriver.findElement(RemoteWebDriver.java:424)
	at org.openqa.selenium.remote.RemoteWebDriver.findElement(RemoteWebDriver.java:418)
	at stepdefinitions.StepDefinitions.i_enter_a_first_name(StepDefinitions.java:37)
	at ✽.I enter a firstname anonymous(file:///C:/Users/tejas/Project/Project_new/Projects_new/UdemayProject/udemy/src/test/resources/features/Contact_Us_.feature:8)
]]></failure>
  </testcase>
  <testcase name="runScenario[&quot;Validate Successful login with valid username and password&quot;, &quot;WebDriver University Login Page&quot;](5)" classname="runners.TestRunner" time="24.811"/>
  <testcase name="runScenario[&quot;Validate Successful login with valid username and password&quot;, &quot;WebDriver University Login Page&quot;](6)" classname="runners.TestRunner" time="24.988"/>
</testsuite>