<?xml version="1.0" encoding="UTF-8"?>
<testsuite xmlns:xsi="http://www.w3.org/2001/XMLSchema-instance" xsi:noNamespaceSchemaLocation="https://maven.apache.org/surefire/maven-surefire-plugin/xsd/surefire-test-report-3.0.xsd" version="3.0" name="runners.TestRunner" time="3.867" tests="1" errors="0" skipped="0" failures="0">
  <properties>
[...]
</properties>
  <testcase name="runScenario[&quot;Validate Successful Submission - Unique Data&quot;, &quot;WebDriver University Contact Us Page&quot;](1)" classname="runners.TestRunner" time="3.102">
    <system-out><![CDATA[
&amp#27;[1mScenario:&amp#27;[22m Validate Successful Submission - Unique Data              &amp#27;[90m# src/test/resources/features/Contact_Us_.feature:3&amp#27;[39m
  &amp#27;[32m✔&amp#27;[39m &amp#27;[32m&amp#27;[1mGiven &amp#27;[22mI access the WebDriver University Contact Us Page&amp#27;[39m         &amp#27;[90m# stepdefinitions.StepDefinitions.i_access_the_WebDriver_University_Contact_Us_Page()&amp#27;[39m
  &amp#27;[32m✔&amp#27;[39m &amp#27;[32m&amp#27;[1mWhen &amp#27;[22mI enter a unique first name&amp#27;[39m                                &amp#27;[90m# stepdefinitions.StepDefinitions.i_enter_a_unique_first_name()&amp#27;[39m
  &amp#27;[32m✔&amp#27;[39m &amp#27;[32m&amp#27;[1mAnd &amp#27;[22mI enter a unique last name&amp#27;[39m                                  &amp#27;[90m# stepdefinitions.StepDefinitions.i_enter_a_unique_last_name()&amp#27;[39m
  &amp#27;[32m✔&amp#27;[39m &amp#27;[32m&amp#27;[1mAnd &amp#27;[22mI enter a unique email address&amp#27;[39m                              &amp#27;[90m# stepdefinitions.StepDefinitions.i_enter_a_unique_email_address()&amp#27;[39m
  &amp#27;[32m✔&amp#27;[39m &amp#27;[32m&amp#27;[1mAnd &amp#27;[22mI enter a unique comment&amp#27;[39m                                    &amp#27;[90m# stepdefinitions.StepDefinitions.i_enter_a_unique_comment()&amp#27;[39m
  &amp#27;[32m✔&amp#27;[39m &amp#27;[32m&amp#27;[1mAnd &amp#27;[22mI click on the submit button&amp#27;[39m                                &amp#27;[90m# stepdefinitions.StepDefinitions.i_click_on_the_submit_button()&amp#27;[39m
  &amp#27;[32m✔&amp#27;[39m &amp#27;[32m&amp#27;[1mThen &amp#27;[22mI should be presented with a successful submission message&amp#27;[39m &amp#27;[90m# stepdefinitions.StepDefinitions.i_should_be_presented_with_a_successful_submission_message()&amp#27;[39m
]]></system-out>
    <system-err><![CDATA[SLF4J(W): No SLF4J providers were found.
SLF4J(W): Defaulting to no-operation (NOP) logger implementation
SLF4J(W): See https://www.slf4j.org/codes.html#noProviders for further details.
]]></system-err>
  </testcase>
</testsuite>