<?xml version="1.0" encoding="UTF-8"?>
<testsuite xmlns:xsi="http://www.w3.org/2001/XMLSchema-instance" xsi:noNamespaceSchemaLocation="https://maven.apache.org/surefire/maven-surefire-plugin/xsd/surefire-test-report-3.0.xsd" version="3.0" name="TestSuite" time="20.416" tests="6" errors="0" skipped="0" failures="0">
  <properties>
[...]
</properties>
  <testcase name="runScenario[&quot;Validate Successful Submission&quot;, &quot;WebDriver University Contact Us Page&quot;](1)" classname="runners.TestRunner" time="7.842">
    <system-out><![CDATA[
@contact_us @regression
Scenario Outline: Validate Successful Submission                                       # src/test/resources/features/Contact_Us_.feature:17

@contact_us @regression
Scenario Outline: Validate Successful Submission                                       # src/test/resources/features/Contact_Us_.feature:18
  ✔ Given I access the WebDriver University Contact Us Page                            # stepdefinitions.Contact_Us_Steps.i_access_the_WebDriver_University_Contact_Us_Page()
  ✔ When I enter a firstname anonymous                                                 # stepdefinitions.Contact_Us_Steps.i_enter_a_first_name(java.lang.String)
  ✔ Given I access the WebDriver University Contact Us Page                            # stepdefinitions.Contact_Us_Steps.i_access_the_WebDriver_University_Contact_Us_Page()
  ✔ And I enter a lastname user02                                                      # stepdefinitions.Contact_Us_Steps.i_enter_a_last_name(java.lang.String)
  ✔ When I enter a firstname anonymous                                                 # stepdefinitions.Contact_Us_Steps.i_enter_a_first_name(java.lang.String)
  ✔ And I enter an email address "anonymoususer02@email.com"                           # stepdefinitions.Contact_Us_Steps.i_enter_an_email_address(java.lang.String)
  ✔ And I enter a lastname user01                                                      # stepdefinitions.Contact_Us_Steps.i_enter_a_last_name(java.lang.String)
  ✔ And I enter an email address "anonymoususer01@email.com"                           # stepdefinitions.Contact_Us_Steps.i_enter_an_email_address(java.lang.String)
  ✔ And I enter a comment "anonymous user 02 commented"                                # stepdefinitions.Contact_Us_Steps.i_enter_a_comment(java.lang.String)
  ✔ And I enter a comment "anonymous user 01 commented"                                # stepdefinitions.Contact_Us_Steps.i_enter_a_comment(java.lang.String)
  ✔ And I click on the submit button                                                   # stepdefinitions.Contact_Us_Steps.i_click_on_the_submit_button()
  ✔ And I click on the submit button                                                   # stepdefinitions.Contact_Us_Steps.i_click_on_the_submit_button()
  ✔ Then I should be presented with a submission message "Thank You for your Message!" # stepdefinitions.Contact_Us_Steps.i_should_be_presented_with_a_submission_message(java.lang.String)
  ✔ Then I should be presented with a submission message "Thank You for your Message!" # stepdefinitions.Contact_Us_Steps.i_should_be_presented_with_a_submission_message(java.lang.String)
]]></system-out>
    <system-err><![CDATA[SLF4J(W): No SLF4J providers were found.
SLF4J(W): Defaulting to no-operation (NOP) logger implementation
SLF4J(W): See https://www.slf4j.org/codes.html#noProviders for further details.
Mar 29, 2026 4:27:18 PM org.openqa.selenium.devtools.CdpVersionFinder findNearestMatch
WARNING: Unable to find an exact match for CDP version 146, returning the closest version; found: 144; Please update to a Selenium version that supports CDP version 146
Mar 29, 2026 4:27:18 PM org.openqa.selenium.devtools.CdpVersionFinder findNearestMatch
WARNING: Unable to find an exact match for CDP version 146, returning the closest version; found: 144; Please update to a Selenium version that supports CDP version 146
]]></system-err>
  </testcase>
  <testcase name="runScenario[&quot;Validate Successful Submission&quot;, &quot;WebDriver University Contact Us Page&quot;](2)" classname="runners.TestRunner" time="1.21">
    <system-out><![CDATA[
@contact_us @regression
Scenario Outline: Validate Successful Submission                                       # src/test/resources/features/Contact_Us_.feature:19
]]></system-out>
  </testcase>
  <testcase name="runScenario[&quot;Validate Successful login with valid username and password&quot;, &quot;WebDriver University Login Page&quot;](3)" classname="runners.TestRunner" time="3.57">
    <system-out><![CDATA[
@login_page @regression
Scenario Outline: Validate Successful login with valid username and password  # src/test/resources/features/Login_Page.feature:15
  ✔ Given I access the WebDriver University Contact Us Page                            # stepdefinitions.Contact_Us_Steps.i_access_the_WebDriver_University_Contact_Us_Page()
  ✔ When I enter a firstname anonymous                                                 # stepdefinitions.Contact_Us_Steps.i_enter_a_first_name(java.lang.String)
  ✔ And I enter a lastname user03                                                      # stepdefinitions.Contact_Us_Steps.i_enter_a_last_name(java.lang.String)
  ✔ And I enter an email address "anonymoususer03@email.com"                           # stepdefinitions.Contact_Us_Steps.i_enter_an_email_address(java.lang.String)
  ✔ And I enter a comment "anonymous user 03 commented"                                # stepdefinitions.Contact_Us_Steps.i_enter_a_comment(java.lang.String)
  ✔ Given I access the WebDriver University login Page                        # stepdefinitions.Login_Steps.i_access_the_webdriver_university_login_page()
  ✔ When I enter a username "webdriver"                                       # stepdefinitions.Login_Steps.i_enter_a_username(java.lang.String)
  ✔ And I enter a password "webdriver123"                                     # stepdefinitions.Login_Steps.i_enter_a_password(java.lang.String)
  ✔ And I click on the Login button                                           # stepdefinitions.Login_Steps.i_click_on_the_login_button()
  ✔ Then I should be presented with validation message "validation succeeded" # stepdefinitions.Login_Steps.i_should_be_presented_with_validation_message(java.lang.String)
  ✔ And I click on the submit button                                                   # stepdefinitions.Contact_Us_Steps.i_click_on_the_submit_button()
]]></system-out>
    <system-err><![CDATA[Mar 29, 2026 4:27:24 PM org.openqa.selenium.devtools.CdpVersionFinder findNearestMatch
WARNING: Unable to find an exact match for CDP version 146, returning the closest version; found: 144; Please update to a Selenium version that supports CDP version 146
Mar 29, 2026 4:27:26 PM org.openqa.selenium.devtools.CdpVersionFinder findNearestMatch
WARNING: Unable to find an exact match for CDP version 146, returning the closest version; found: 144; Please update to a Selenium version that supports CDP version 146
]]></system-err>
  </testcase>
  <testcase name="runScenario[&quot;Validate Successful Submission&quot;, &quot;WebDriver University Contact Us Page&quot;](4)" classname="runners.TestRunner" time="2.29">
    <system-out><![CDATA[
@login_page @regression
Scenario Outline: Validate Successful login with valid username and password # src/test/resources/features/Login_Page.feature:16
  ✔ Then I should be presented with a submission message "Thank You for your Message!" # stepdefinitions.Contact_Us_Steps.i_should_be_presented_with_a_submission_message(java.lang.String)
]]></system-out>
    <system-err><![CDATA[Mar 29, 2026 4:27:29 PM org.openqa.selenium.devtools.CdpVersionFinder findNearestMatch
WARNING: Unable to find an exact match for CDP version 146, returning the closest version; found: 144; Please update to a Selenium version that supports CDP version 146
]]></system-err>
  </testcase>
  <testcase name="runScenario[&quot;Validate Successful login with valid username and password&quot;, &quot;WebDriver University Login Page&quot;](5)" classname="runners.TestRunner" time="1.991">
    <system-out><![CDATA[
@login_page @regression
Scenario Outline: Validate Successful login with valid username and password # src/test/resources/features/Login_Page.feature:17
  ✔ Given I access the WebDriver University login Page                       # stepdefinitions.Login_Steps.i_access_the_webdriver_university_login_page()
  ✔ When I enter a username "webdriver"                                      # stepdefinitions.Login_Steps.i_enter_a_username(java.lang.String)
  ✔ And I enter a password "webdriver"                                       # stepdefinitions.Login_Steps.i_enter_a_password(java.lang.String)
  ✔ And I click on the Login button                                          # stepdefinitions.Login_Steps.i_click_on_the_login_button()
  ✔ Then I should be presented with validation message "validation failed"   # stepdefinitions.Login_Steps.i_should_be_presented_with_validation_message(java.lang.String)
]]></system-out>
    <system-err><![CDATA[Mar 29, 2026 4:27:31 PM org.openqa.selenium.devtools.CdpVersionFinder findNearestMatch
WARNING: Unable to find an exact match for CDP version 146, returning the closest version; found: 144; Please update to a Selenium version that supports CDP version 146
]]></system-err>
  </testcase>
  <testcase name="runScenario[&quot;Validate Successful login with valid username and password&quot;, &quot;WebDriver University Login Page&quot;](6)" classname="runners.TestRunner" time="3.961">
    <system-out><![CDATA[  ✔ Given I access the WebDriver University login Page                       # stepdefinitions.Login_Steps.i_access_the_webdriver_university_login_page()
  ✔ When I enter a username "anonymus"                                       # stepdefinitions.Login_Steps.i_enter_a_username(java.lang.String)
  ✔ And I enter a password "webdriver"                                       # stepdefinitions.Login_Steps.i_enter_a_password(java.lang.String)
  ✔ And I click on the Login button                                          # stepdefinitions.Login_Steps.i_click_on_the_login_button()
  ✔ Then I should be presented with validation message "validation failed"   # stepdefinitions.Login_Steps.i_should_be_presented_with_validation_message(java.lang.String)
]]></system-out>
  </testcase>
</testsuite>